{"D:\\Development\\repos\\Web\\bots\\hypercord\\hypercord\\apps\\bot\\.eslintrc.cjs": {"path":"D:\\Development\\repos\\Web\\bots\\hypercord\\hypercord\\apps\\bot\\.eslintrc.cjs","all":true,"statementMap":{"0":{"start":{"line":1,"column":0},"end":{"line":1,"column":18}},"1":{"start":{"line":2,"column":0},"end":{"line":2,"column":13}},"2":{"start":{"line":3,"column":0},"end":{"line":3,"column":36}},"3":{"start":{"line":4,"column":0},"end":{"line":4,"column":38}},"4":{"start":{"line":5,"column":0},"end":{"line":5,"column":81}},"5":{"start":{"line":6,"column":0},"end":{"line":6,"column":34}},"6":{"start":{"line":7,"column":0},"end":{"line":7,"column":87}},"7":{"start":{"line":8,"column":0},"end":{"line":8,"column":11}},"8":{"start":{"line":9,"column":0},"end":{"line":9,"column":2}}},"s":{"0":0,"1":0,"2":0,"3":0,"4":0,"5":0,"6":0,"7":0,"8":0},"branchMap":{"0":{"type":"branch","line":1,"loc":{"start":{"line":1,"column":328},"end":{"line":9,"column":2}},"locations":[{"start":{"line":1,"column":328},"end":{"line":9,"column":2}}]}},"b":{"0":[0]},"fnMap":{"0":{"name":"(empty-report)","decl":{"start":{"line":1,"column":328},"end":{"line":9,"column":2}},"loc":{"start":{"line":1,"column":328},"end":{"line":9,"column":2}},"line":1}},"f":{"0":0}}
,"D:\\Development\\repos\\Web\\bots\\hypercord\\hypercord\\apps\\bot\\src\\index.ts": {"path":"D:\\Development\\repos\\Web\\bots\\hypercord\\hypercord\\apps\\bot\\src\\index.ts","all":true,"statementMap":{"0":{"start":{"line":1,"column":0},"end":{"line":1,"column":42}},"1":{"start":{"line":2,"column":0},"end":{"line":2,"column":39}},"2":{"start":{"line":3,"column":0},"end":{"line":3,"column":39}},"3":{"start":{"line":4,"column":0},"end":{"line":4,"column":59}},"4":{"start":{"line":5,"column":0},"end":{"line":5,"column":48}},"5":{"start":{"line":6,"column":0},"end":{"line":6,"column":68}},"8":{"start":{"line":9,"column":0},"end":{"line":9,"column":16}},"11":{"start":{"line":12,"column":0},"end":{"line":12,"column":40}},"12":{"start":{"line":13,"column":0},"end":{"line":13,"column":21}},"13":{"start":{"line":14,"column":0},"end":{"line":14,"column":25}},"16":{"start":{"line":17,"column":0},"end":{"line":17,"column":34}},"17":{"start":{"line":18,"column":0},"end":{"line":18,"column":34}},"20":{"start":{"line":21,"column":0},"end":{"line":21,"column":5}},"21":{"start":{"line":22,"column":0},"end":{"line":22,"column":42}},"22":{"start":{"line":23,"column":0},"end":{"line":23,"column":83}},"23":{"start":{"line":24,"column":0},"end":{"line":24,"column":15}},"24":{"start":{"line":25,"column":0},"end":{"line":25,"column":48}},"25":{"start":{"line":26,"column":0},"end":{"line":26,"column":1}},"28":{"start":{"line":29,"column":0},"end":{"line":29,"column":38}},"29":{"start":{"line":30,"column":0},"end":{"line":30,"column":42}},"31":{"start":{"line":32,"column":0},"end":{"line":32,"column":3}},"33":{"start":{"line":34,"column":0},"end":{"line":34,"column":37}}},"s":{"0":0,"1":0,"2":0,"3":0,"4":0,"5":0,"8":0,"11":0,"12":0,"13":0,"16":0,"17":0,"20":0,"21":0,"22":0,"23":0,"24":0,"25":0,"28":0,"29":0,"31":0,"33":0},"branchMap":{"0":{"type":"branch","line":1,"loc":{"start":{"line":1,"column":0},"end":{"line":34,"column":-428}},"locations":[{"start":{"line":1,"column":0},"end":{"line":34,"column":-428}}]}},"b":{"0":[0]},"fnMap":{"0":{"name":"(empty-report)","decl":{"start":{"line":1,"column":0},"end":{"line":34,"column":-428}},"loc":{"start":{"line":1,"column":0},"end":{"line":34,"column":-428}},"line":1}},"f":{"0":0}}
,"D:\\Development\\repos\\Web\\bots\\hypercord\\hypercord\\apps\\bot\\src\\commands\\about.ts": {"path":"D:\\Development\\repos\\Web\\bots\\hypercord\\hypercord\\apps\\bot\\src\\commands\\about.ts","all":false,"statementMap":{"0":{"start":{"line":1,"column":0},"end":{"line":1,"column":78}},"1":{"start":{"line":2,"column":0},"end":{"line":2,"column":45}},"2":{"start":{"line":3,"column":0},"end":{"line":3,"column":19}},"3":{"start":{"line":4,"column":0},"end":{"line":4,"column":36}},"4":{"start":{"line":5,"column":0},"end":{"line":5,"column":25}},"5":{"start":{"line":6,"column":0},"end":{"line":6,"column":24}},"6":{"start":{"line":7,"column":0},"end":{"line":7,"column":51}},"7":{"start":{"line":8,"column":0},"end":{"line":8,"column":26}},"8":{"start":{"line":9,"column":0},"end":{"line":9,"column":4}},"10":{"start":{"line":11,"column":0},"end":{"line":11,"column":73}},"11":{"start":{"line":12,"column":0},"end":{"line":12,"column":55}},"13":{"start":{"line":14,"column":0},"end":{"line":14,"column":93}},"14":{"start":{"line":15,"column":0},"end":{"line":15,"column":1}}},"s":{"0":1,"1":1,"2":1,"3":1,"4":1,"5":2,"6":2,"7":2,"8":1,"10":2,"11":2,"13":2,"14":2},"branchMap":{"0":{"type":"branch","line":5,"loc":{"start":{"line":5,"column":19},"end":{"line":8,"column":26}},"locations":[{"start":{"line":5,"column":19},"end":{"line":8,"column":26}}]},"1":{"type":"branch","line":11,"loc":{"start":{"line":11,"column":0},"end":{"line":15,"column":1}},"locations":[{"start":{"line":11,"column":0},"end":{"line":15,"column":1}}]},"2":{"type":"branch","line":14,"loc":{"start":{"line":14,"column":47},"end":{"line":14,"column":70}},"locations":[{"start":{"line":14,"column":47},"end":{"line":14,"column":70}}]}},"b":{"0":[2],"1":[2],"2":[1]},"fnMap":{"0":{"name":"execute","decl":{"start":{"line":11,"column":0},"end":{"line":15,"column":1}},"loc":{"start":{"line":11,"column":0},"end":{"line":15,"column":1}},"line":11}},"f":{"0":2}}
,"D:\\Development\\repos\\Web\\bots\\hypercord\\hypercord\\apps\\bot\\src\\commands\\audit-perms.ts": {"path":"D:\\Development\\repos\\Web\\bots\\hypercord\\hypercord\\apps\\bot\\src\\commands\\audit-perms.ts","all":false,"statementMap":{"0":{"start":{"line":1,"column":0},"end":{"line":1,"column":8}},"7":{"start":{"line":8,"column":0},"end":{"line":8,"column":40}},"14":{"start":{"line":15,"column":0},"end":{"line":15,"column":54}},"15":{"start":{"line":16,"column":0},"end":{"line":16,"column":54}},"17":{"start":{"line":18,"column":0},"end":{"line":18,"column":62}},"19":{"start":{"line":20,"column":0},"end":{"line":20,"column":102}},"20":{"start":{"line":21,"column":0},"end":{"line":21,"column":34}},"23":{"start":{"line":24,"column":0},"end":{"line":24,"column":56}},"25":{"start":{"line":26,"column":0},"end":{"line":26,"column":36}},"27":{"start":{"line":28,"column":0},"end":{"line":28,"column":27}},"28":{"start":{"line":29,"column":0},"end":{"line":29,"column":41}},"29":{"start":{"line":30,"column":0},"end":{"line":30,"column":43}},"30":{"start":{"line":31,"column":0},"end":{"line":31,"column":66}},"32":{"start":{"line":33,"column":0},"end":{"line":33,"column":49}},"33":{"start":{"line":34,"column":0},"end":{"line":34,"column":1}},"35":{"start":{"line":36,"column":0},"end":{"line":36,"column":19}},"36":{"start":{"line":37,"column":0},"end":{"line":37,"column":36}},"37":{"start":{"line":38,"column":0},"end":{"line":38,"column":34}},"38":{"start":{"line":39,"column":0},"end":{"line":39,"column":34}},"39":{"start":{"line":40,"column":0},"end":{"line":40,"column":33}},"40":{"start":{"line":41,"column":0},"end":{"line":41,"column":34}},"41":{"start":{"line":42,"column":0},"end":{"line":42,"column":37}},"42":{"start":{"line":43,"column":0},"end":{"line":43,"column":38}},"43":{"start":{"line":44,"column":0},"end":{"line":44,"column":2}},"45":{"start":{"line":46,"column":0},"end":{"line":46,"column":45}},"46":{"start":{"line":47,"column":0},"end":{"line":47,"column":25}},"47":{"start":{"line":48,"column":0},"end":{"line":48,"column":78}},"48":{"start":{"line":49,"column":0},"end":{"line":49,"column":99}},"50":{"start":{"line":51,"column":0},"end":{"line":51,"column":73}},"52":{"start":{"line":53,"column":0},"end":{"line":53,"column":66}},"54":{"start":{"line":55,"column":0},"end":{"line":55,"column":32}},"55":{"start":{"line":56,"column":0},"end":{"line":56,"column":80}},"56":{"start":{"line":57,"column":0},"end":{"line":57,"column":11}},"57":{"start":{"line":58,"column":0},"end":{"line":58,"column":3}},"60":{"start":{"line":61,"column":0},"end":{"line":61,"column":35}},"61":{"start":{"line":62,"column":0},"end":{"line":62,"column":28}},"62":{"start":{"line":63,"column":0},"end":{"line":63,"column":70}},"64":{"start":{"line":65,"column":0},"end":{"line":65,"column":42}},"65":{"start":{"line":66,"column":0},"end":{"line":66,"column":63}},"66":{"start":{"line":67,"column":0},"end":{"line":67,"column":44}},"67":{"start":{"line":68,"column":0},"end":{"line":68,"column":64}},"68":{"start":{"line":69,"column":0},"end":{"line":69,"column":18}},"70":{"start":{"line":71,"column":0},"end":{"line":71,"column":42}},"71":{"start":{"line":72,"column":0},"end":{"line":72,"column":72}},"72":{"start":{"line":73,"column":0},"end":{"line":73,"column":57}},"73":{"start":{"line":74,"column":0},"end":{"line":74,"column":18}},"75":{"start":{"line":76,"column":0},"end":{"line":76,"column":39}},"76":{"start":{"line":77,"column":0},"end":{"line":77,"column":86}},"77":{"start":{"line":78,"column":0},"end":{"line":78,"column":32}},"78":{"start":{"line":79,"column":0},"end":{"line":79,"column":18}},"80":{"start":{"line":81,"column":0},"end":{"line":81,"column":34}},"81":{"start":{"line":82,"column":0},"end":{"line":82,"column":33}},"82":{"start":{"line":83,"column":0},"end":{"line":83,"column":15}},"83":{"start":{"line":84,"column":0},"end":{"line":84,"column":112}},"84":{"start":{"line":85,"column":0},"end":{"line":85,"column":119}},"85":{"start":{"line":86,"column":0},"end":{"line":86,"column":101}},"86":{"start":{"line":87,"column":0},"end":{"line":87,"column":5}},"87":{"start":{"line":88,"column":0},"end":{"line":88,"column":30}},"89":{"start":{"line":90,"column":0},"end":{"line":90,"column":51}},"90":{"start":{"line":91,"column":0},"end":{"line":91,"column":1}}},"s":{"0":1,"7":1,"14":1,"15":1,"17":5,"19":5,"20":5,"23":5,"25":1,"27":1,"28":5,"29":1,"30":0,"32":5,"33":5,"35":1,"36":1,"37":1,"38":1,"39":1,"40":1,"41":1,"42":1,"43":1,"45":1,"46":1,"47":1,"48":1,"50":5,"52":5,"54":5,"55":1,"56":1,"57":1,"60":4,"61":4,"62":4,"64":4,"65":4,"66":4,"67":4,"68":4,"70":4,"71":4,"72":4,"73":4,"75":4,"76":4,"77":4,"78":4,"80":4,"81":4,"82":4,"83":5,"84":5,"85":5,"86":5,"87":5,"89":5,"90":4},"branchMap":{"0":{"type":"branch","line":15,"loc":{"start":{"line":15,"column":32},"end":{"line":15,"column":52}},"locations":[{"start":{"line":15,"column":32},"end":{"line":15,"column":52}}]},"1":{"type":"branch","line":16,"loc":{"start":{"line":16,"column":32},"end":{"line":16,"column":52}},"locations":[{"start":{"line":16,"column":32},"end":{"line":16,"column":52}}]},"2":{"type":"branch","line":18,"loc":{"start":{"line":18,"column":0},"end":{"line":34,"column":1}},"locations":[{"start":{"line":18,"column":0},"end":{"line":34,"column":1}}]},"3":{"type":"branch","line":20,"loc":{"start":{"line":20,"column":91},"end":{"line":20,"column":102}},"locations":[{"start":{"line":20,"column":91},"end":{"line":20,"column":102}}]},"4":{"type":"branch","line":21,"loc":{"start":{"line":21,"column":22},"end":{"line":21,"column":34}},"locations":[{"start":{"line":21,"column":22},"end":{"line":21,"column":34}}]},"5":{"type":"branch","line":21,"loc":{"start":{"line":21,"column":29},"end":{"line":24,"column":51}},"locations":[{"start":{"line":21,"column":29},"end":{"line":24,"column":51}}]},"6":{"type":"branch","line":24,"loc":{"start":{"line":24,"column":44},"end":{"line":24,"column":56}},"locations":[{"start":{"line":24,"column":44},"end":{"line":24,"column":56}}]},"7":{"type":"branch","line":24,"loc":{"start":{"line":24,"column":51},"end":{"line":29,"column":40}},"locations":[{"start":{"line":24,"column":51},"end":{"line":29,"column":40}}]},"8":{"type":"branch","line":29,"loc":{"start":{"line":29,"column":40},"end":{"line":30,"column":43}},"locations":[{"start":{"line":29,"column":40},"end":{"line":30,"column":43}}]},"9":{"type":"branch","line":30,"loc":{"start":{"line":30,"column":25},"end":{"line":31,"column":66}},"locations":[{"start":{"line":30,"column":25},"end":{"line":31,"column":66}}]},"10":{"type":"branch","line":51,"loc":{"start":{"line":51,"column":0},"end":{"line":91,"column":1}},"locations":[{"start":{"line":51,"column":0},"end":{"line":91,"column":1}}]},"11":{"type":"branch","line":55,"loc":{"start":{"line":55,"column":31},"end":{"line":58,"column":3}},"locations":[{"start":{"line":55,"column":31},"end":{"line":58,"column":3}}]},"12":{"type":"branch","line":58,"loc":{"start":{"line":58,"column":2},"end":{"line":84,"column":73}},"locations":[{"start":{"line":58,"column":2},"end":{"line":84,"column":73}}]},"13":{"type":"branch","line":84,"loc":{"start":{"line":84,"column":64},"end":{"line":84,"column":101}},"locations":[{"start":{"line":84,"column":64},"end":{"line":84,"column":101}}]},"14":{"type":"branch","line":84,"loc":{"start":{"line":84,"column":97},"end":{"line":84,"column":110}},"locations":[{"start":{"line":84,"column":97},"end":{"line":84,"column":110}}]},"15":{"type":"branch","line":85,"loc":{"start":{"line":85,"column":73},"end":{"line":85,"column":108}},"locations":[{"start":{"line":85,"column":73},"end":{"line":85,"column":108}}]},"16":{"type":"branch","line":85,"loc":{"start":{"line":85,"column":104},"end":{"line":85,"column":117}},"locations":[{"start":{"line":85,"column":104},"end":{"line":85,"column":117}}]},"17":{"type":"branch","line":86,"loc":{"start":{"line":86,"column":58},"end":{"line":86,"column":90}},"locations":[{"start":{"line":86,"column":58},"end":{"line":86,"column":90}}]},"18":{"type":"branch","line":86,"loc":{"start":{"line":86,"column":86},"end":{"line":86,"column":99}},"locations":[{"start":{"line":86,"column":86},"end":{"line":86,"column":99}}]},"19":{"type":"branch","line":90,"loc":{"start":{"line":90,"column":49},"end":{"line":91,"column":1}},"locations":[{"start":{"line":90,"column":49},"end":{"line":91,"column":1}}]}},"b":{"0":[0],"1":[0],"2":[5],"3":[0],"4":[4],"5":[1],"6":[0],"7":[1],"8":[1],"9":[0],"10":[5],"11":[1],"12":[4],"13":[0],"14":[4],"15":[0],"16":[4],"17":[0],"18":[4],"19":[4]},"fnMap":{"0":{"name":"isAllowed","decl":{"start":{"line":18,"column":0},"end":{"line":34,"column":1}},"loc":{"start":{"line":18,"column":0},"end":{"line":34,"column":1}},"line":18},"1":{"name":"execute","decl":{"start":{"line":51,"column":0},"end":{"line":91,"column":1}},"loc":{"start":{"line":51,"column":0},"end":{"line":91,"column":1}},"line":51}},"f":{"0":5,"1":5}}
,"D:\\Development\\repos\\Web\\bots\\hypercord\\hypercord\\apps\\bot\\src\\commands\\diagnose.ts": {"path":"D:\\Development\\repos\\Web\\bots\\hypercord\\hypercord\\apps\\bot\\src\\commands\\diagnose.ts","all":false,"statementMap":{"0":{"start":{"line":1,"column":0},"end":{"line":1,"column":8}},"5":{"start":{"line":6,"column":0},"end":{"line":6,"column":46}},"6":{"start":{"line":7,"column":0},"end":{"line":7,"column":30}},"8":{"start":{"line":9,"column":0},"end":{"line":9,"column":34}},"9":{"start":{"line":10,"column":0},"end":{"line":10,"column":50}},"11":{"start":{"line":12,"column":0},"end":{"line":12,"column":45}},"12":{"start":{"line":13,"column":0},"end":{"line":13,"column":22}},"13":{"start":{"line":14,"column":0},"end":{"line":14,"column":69}},"15":{"start":{"line":16,"column":0},"end":{"line":16,"column":73}},"16":{"start":{"line":17,"column":0},"end":{"line":17,"column":52}},"18":{"start":{"line":19,"column":0},"end":{"line":19,"column":55}},"21":{"start":{"line":22,"column":0},"end":{"line":22,"column":61}},"22":{"start":{"line":23,"column":0},"end":{"line":23,"column":7}},"23":{"start":{"line":24,"column":0},"end":{"line":24,"column":26}},"24":{"start":{"line":25,"column":0},"end":{"line":25,"column":37}},"25":{"start":{"line":26,"column":0},"end":{"line":26,"column":27}},"26":{"start":{"line":27,"column":0},"end":{"line":27,"column":16}},"27":{"start":{"line":28,"column":0},"end":{"line":28,"column":12}},"30":{"start":{"line":31,"column":0},"end":{"line":31,"column":7}},"31":{"start":{"line":32,"column":0},"end":{"line":32,"column":26}},"32":{"start":{"line":33,"column":0},"end":{"line":33,"column":23}},"33":{"start":{"line":34,"column":0},"end":{"line":34,"column":30}},"34":{"start":{"line":35,"column":0},"end":{"line":35,"column":19}},"35":{"start":{"line":36,"column":0},"end":{"line":36,"column":12}},"37":{"start":{"line":38,"column":0},"end":{"line":38,"column":34}},"38":{"start":{"line":39,"column":0},"end":{"line":39,"column":38}},"39":{"start":{"line":40,"column":0},"end":{"line":40,"column":58}},"40":{"start":{"line":41,"column":0},"end":{"line":41,"column":15}},"41":{"start":{"line":42,"column":0},"end":{"line":42,"column":64}},"42":{"start":{"line":43,"column":0},"end":{"line":43,"column":84}},"43":{"start":{"line":44,"column":0},"end":{"line":44,"column":87}},"44":{"start":{"line":45,"column":0},"end":{"line":45,"column":5}},"45":{"start":{"line":46,"column":0},"end":{"line":46,"column":76}},"46":{"start":{"line":47,"column":0},"end":{"line":47,"column":30}},"48":{"start":{"line":49,"column":0},"end":{"line":49,"column":51}},"49":{"start":{"line":50,"column":0},"end":{"line":50,"column":1}}},"s":{"0":1,"5":1,"6":1,"8":1,"9":1,"11":1,"12":1,"13":1,"15":4,"16":4,"18":4,"21":4,"22":4,"23":4,"24":4,"25":4,"26":4,"27":4,"30":4,"31":4,"32":4,"33":4,"34":4,"35":4,"37":4,"38":4,"39":4,"40":4,"41":4,"42":4,"43":4,"44":4,"45":4,"46":4,"48":4,"49":4},"branchMap":{"0":{"type":"branch","line":16,"loc":{"start":{"line":16,"column":0},"end":{"line":50,"column":1}},"locations":[{"start":{"line":16,"column":0},"end":{"line":50,"column":1}}]},"1":{"type":"branch","line":28,"loc":{"start":{"line":28,"column":2},"end":{"line":28,"column":12}},"locations":[{"start":{"line":28,"column":2},"end":{"line":28,"column":12}}]},"2":{"type":"branch","line":36,"loc":{"start":{"line":36,"column":2},"end":{"line":36,"column":12}},"locations":[{"start":{"line":36,"column":2},"end":{"line":36,"column":12}}]},"3":{"type":"branch","line":43,"loc":{"start":{"line":43,"column":47},"end":{"line":43,"column":69}},"locations":[{"start":{"line":43,"column":47},"end":{"line":43,"column":69}}]},"4":{"type":"branch","line":44,"loc":{"start":{"line":44,"column":50},"end":{"line":44,"column":72}},"locations":[{"start":{"line":44,"column":50},"end":{"line":44,"column":72}}]},"5":{"type":"branch","line":46,"loc":{"start":{"line":46,"column":43},"end":{"line":46,"column":71}},"locations":[{"start":{"line":46,"column":43},"end":{"line":46,"column":71}}]}},"b":{"0":[4],"1":[0],"2":[0],"3":[0],"4":[0],"5":[0]},"fnMap":{"0":{"name":"execute","decl":{"start":{"line":16,"column":0},"end":{"line":50,"column":1}},"loc":{"start":{"line":16,"column":0},"end":{"line":50,"column":1}},"line":16}},"f":{"0":4}}
,"D:\\Development\\repos\\Web\\bots\\hypercord\\hypercord\\apps\\bot\\src\\commands\\example-enhanced.ts": {"path":"D:\\Development\\repos\\Web\\bots\\hypercord\\hypercord\\apps\\bot\\src\\commands\\example-enhanced.ts","all":false,"statementMap":{"0":{"start":{"line":1,"column":0},"end":{"line":1,"column":70}},"1":{"start":{"line":2,"column":0},"end":{"line":2,"column":58}},"2":{"start":{"line":3,"column":0},"end":{"line":3,"column":101}},"3":{"start":{"line":4,"column":0},"end":{"line":4,"column":61}},"9":{"start":{"line":10,"column":0},"end":{"line":10,"column":45}},"10":{"start":{"line":11,"column":0},"end":{"line":11,"column":26}},"11":{"start":{"line":12,"column":0},"end":{"line":12,"column":62}},"13":{"start":{"line":14,"column":0},"end":{"line":14,"column":59}},"14":{"start":{"line":15,"column":0},"end":{"line":15,"column":27}},"15":{"start":{"line":16,"column":0},"end":{"line":16,"column":29}},"16":{"start":{"line":17,"column":0},"end":{"line":17,"column":63}},"17":{"start":{"line":18,"column":0},"end":{"line":18,"column":7}},"18":{"start":{"line":19,"column":0},"end":{"line":19,"column":25}},"19":{"start":{"line":20,"column":0},"end":{"line":20,"column":13}},"20":{"start":{"line":21,"column":0},"end":{"line":21,"column":32}},"21":{"start":{"line":22,"column":0},"end":{"line":22,"column":20}},"22":{"start":{"line":23,"column":0},"end":{"line":23,"column":6}},"23":{"start":{"line":24,"column":0},"end":{"line":24,"column":3}},"24":{"start":{"line":25,"column":0},"end":{"line":25,"column":38}},"25":{"start":{"line":26,"column":0},"end":{"line":26,"column":29}},"26":{"start":{"line":27,"column":0},"end":{"line":27,"column":55}},"27":{"start":{"line":28,"column":0},"end":{"line":28,"column":22}},"28":{"start":{"line":29,"column":0},"end":{"line":29,"column":7}},"29":{"start":{"line":30,"column":0},"end":{"line":30,"column":4}},"30":{"start":{"line":31,"column":0},"end":{"line":31,"column":11}}},"s":{"0":1,"1":1,"2":1,"3":1,"9":1,"10":1,"11":1,"13":1,"14":1,"15":1,"16":1,"17":1,"18":1,"19":1,"20":1,"21":1,"22":1,"23":1,"24":1,"25":0,"26":0,"27":0,"28":0,"29":0,"30":1},"branchMap":{},"b":{},"fnMap":{},"f":{}}
,"D:\\Development\\repos\\Web\\bots\\hypercord\\hypercord\\apps\\bot\\src\\commands\\ping.ts": {"path":"D:\\Development\\repos\\Web\\bots\\hypercord\\hypercord\\apps\\bot\\src\\commands\\ping.ts","all":false,"statementMap":{"0":{"start":{"line":1,"column":0},"end":{"line":1,"column":49}},"1":{"start":{"line":2,"column":0},"end":{"line":2,"column":99}},"2":{"start":{"line":3,"column":0},"end":{"line":3,"column":94}},"3":{"start":{"line":4,"column":0},"end":{"line":4,"column":84}},"4":{"start":{"line":5,"column":0},"end":{"line":5,"column":71}},"5":{"start":{"line":6,"column":0},"end":{"line":6,"column":61}},"6":{"start":{"line":7,"column":0},"end":{"line":7,"column":1}}},"s":{"0":1,"1":1,"2":2,"3":2,"4":2,"5":2,"6":2},"branchMap":{"0":{"type":"branch","line":3,"loc":{"start":{"line":3,"column":0},"end":{"line":7,"column":1}},"locations":[{"start":{"line":3,"column":0},"end":{"line":7,"column":1}}]}},"b":{"0":[2]},"fnMap":{"0":{"name":"execute","decl":{"start":{"line":3,"column":0},"end":{"line":7,"column":1}},"loc":{"start":{"line":3,"column":0},"end":{"line":7,"column":1}},"line":3}},"f":{"0":2}}
,"D:\\Development\\repos\\Web\\bots\\hypercord\\hypercord\\apps\\bot\\src\\commands\\remind.ts": {"path":"D:\\Development\\repos\\Web\\bots\\hypercord\\hypercord\\apps\\bot\\src\\commands\\remind.ts","all":false,"statementMap":{"0":{"start":{"line":1,"column":0},"end":{"line":1,"column":8}},"7":{"start":{"line":8,"column":0},"end":{"line":8,"column":40}},"9":{"start":{"line":10,"column":0},"end":{"line":10,"column":50}},"10":{"start":{"line":11,"column":0},"end":{"line":11,"column":52}},"11":{"start":{"line":12,"column":0},"end":{"line":12,"column":12}},"12":{"start":{"line":13,"column":0},"end":{"line":13,"column":29}},"13":{"start":{"line":14,"column":0},"end":{"line":14,"column":60}},"14":{"start":{"line":15,"column":0},"end":{"line":15,"column":51}},"15":{"start":{"line":16,"column":0},"end":{"line":16,"column":7}},"16":{"start":{"line":17,"column":0},"end":{"line":17,"column":20}},"17":{"start":{"line":18,"column":0},"end":{"line":18,"column":3}},"18":{"start":{"line":19,"column":0},"end":{"line":19,"column":32}},"19":{"start":{"line":20,"column":0},"end":{"line":20,"column":27}},"20":{"start":{"line":21,"column":0},"end":{"line":21,"column":35}},"21":{"start":{"line":22,"column":0},"end":{"line":22,"column":36}},"22":{"start":{"line":23,"column":0},"end":{"line":23,"column":3}},"23":{"start":{"line":24,"column":0},"end":{"line":24,"column":14}},"24":{"start":{"line":25,"column":0},"end":{"line":25,"column":1}},"26":{"start":{"line":27,"column":0},"end":{"line":27,"column":45}},"27":{"start":{"line":28,"column":0},"end":{"line":28,"column":20}},"28":{"start":{"line":29,"column":0},"end":{"line":29,"column":75}},"29":{"start":{"line":30,"column":0},"end":{"line":30,"column":25}},"30":{"start":{"line":31,"column":0},"end":{"line":31,"column":82}},"31":{"start":{"line":32,"column":0},"end":{"line":32,"column":3}},"32":{"start":{"line":33,"column":0},"end":{"line":33,"column":25}},"33":{"start":{"line":34,"column":0},"end":{"line":34,"column":80}},"34":{"start":{"line":35,"column":0},"end":{"line":35,"column":3}},"35":{"start":{"line":36,"column":0},"end":{"line":36,"column":26}},"37":{"start":{"line":38,"column":0},"end":{"line":38,"column":73}},"38":{"start":{"line":39,"column":0},"end":{"line":39,"column":59}},"39":{"start":{"line":40,"column":0},"end":{"line":40,"column":59}},"41":{"start":{"line":42,"column":0},"end":{"line":42,"column":32}},"42":{"start":{"line":43,"column":0},"end":{"line":43,"column":70}},"43":{"start":{"line":44,"column":0},"end":{"line":44,"column":29}},"44":{"start":{"line":45,"column":0},"end":{"line":45,"column":84}},"45":{"start":{"line":46,"column":0},"end":{"line":46,"column":36}},"46":{"start":{"line":47,"column":0},"end":{"line":47,"column":7}},"47":{"start":{"line":48,"column":0},"end":{"line":48,"column":11}},"48":{"start":{"line":49,"column":0},"end":{"line":49,"column":3}},"50":{"start":{"line":51,"column":0},"end":{"line":51,"column":66}},"52":{"start":{"line":53,"column":0},"end":{"line":53,"column":35}},"55":{"start":{"line":56,"column":0},"end":{"line":56,"column":29}},"56":{"start":{"line":57,"column":0},"end":{"line":57,"column":13}},"57":{"start":{"line":58,"column":0},"end":{"line":58,"column":5}},"58":{"start":{"line":59,"column":0},"end":{"line":59,"column":36}},"59":{"start":{"line":60,"column":0},"end":{"line":60,"column":39}},"60":{"start":{"line":61,"column":0},"end":{"line":61,"column":34}},"61":{"start":{"line":62,"column":0},"end":{"line":62,"column":11}},"62":{"start":{"line":63,"column":0},"end":{"line":63,"column":12}},"63":{"start":{"line":64,"column":0},"end":{"line":64,"column":17}},"64":{"start":{"line":65,"column":0},"end":{"line":65,"column":41}},"65":{"start":{"line":66,"column":0},"end":{"line":66,"column":33}},"66":{"start":{"line":67,"column":0},"end":{"line":67,"column":30}},"67":{"start":{"line":68,"column":0},"end":{"line":68,"column":8}},"68":{"start":{"line":69,"column":0},"end":{"line":69,"column":6}},"69":{"start":{"line":70,"column":0},"end":{"line":70,"column":51}},"70":{"start":{"line":71,"column":0},"end":{"line":71,"column":4}},"72":{"start":{"line":73,"column":0},"end":{"line":73,"column":30}},"73":{"start":{"line":74,"column":0},"end":{"line":74,"column":31}},"74":{"start":{"line":75,"column":0},"end":{"line":75,"column":58}},"75":{"start":{"line":76,"column":0},"end":{"line":76,"column":10}},"76":{"start":{"line":77,"column":0},"end":{"line":77,"column":35}},"77":{"start":{"line":78,"column":0},"end":{"line":78,"column":30}},"78":{"start":{"line":79,"column":0},"end":{"line":79,"column":5}},"79":{"start":{"line":80,"column":0},"end":{"line":80,"column":1}}},"s":{"0":1,"7":1,"9":6,"10":6,"11":6,"12":5,"13":5,"14":5,"15":5,"16":5,"17":5,"18":1,"19":6,"20":0,"21":0,"22":0,"23":1,"24":1,"26":1,"27":1,"28":1,"29":1,"30":2,"31":1,"32":1,"33":2,"34":1,"35":1,"37":6,"38":6,"39":6,"41":6,"42":6,"43":2,"44":2,"45":2,"46":2,"47":2,"48":2,"50":4,"52":4,"55":4,"56":4,"57":4,"58":4,"59":4,"60":4,"61":4,"62":4,"63":4,"64":4,"65":4,"66":4,"67":4,"68":4,"69":4,"70":4,"72":4,"73":4,"74":4,"75":4,"76":4,"77":4,"78":4,"79":4},"branchMap":{"0":{"type":"branch","line":10,"loc":{"start":{"line":10,"column":0},"end":{"line":25,"column":1}},"locations":[{"start":{"line":10,"column":0},"end":{"line":25,"column":1}}]},"1":{"type":"branch","line":12,"loc":{"start":{"line":12,"column":11},"end":{"line":18,"column":3}},"locations":[{"start":{"line":12,"column":11},"end":{"line":18,"column":3}}]},"2":{"type":"branch","line":18,"loc":{"start":{"line":18,"column":2},"end":{"line":20,"column":26}},"locations":[{"start":{"line":18,"column":2},"end":{"line":20,"column":26}}]},"3":{"type":"branch","line":20,"loc":{"start":{"line":20,"column":26},"end":{"line":23,"column":3}},"locations":[{"start":{"line":20,"column":26},"end":{"line":23,"column":3}}]},"4":{"type":"branch","line":23,"loc":{"start":{"line":23,"column":2},"end":{"line":25,"column":1}},"locations":[{"start":{"line":23,"column":2},"end":{"line":25,"column":1}}]},"5":{"type":"branch","line":30,"loc":{"start":{"line":30,"column":19},"end":{"line":31,"column":82}},"locations":[{"start":{"line":30,"column":19},"end":{"line":31,"column":82}}]},"6":{"type":"branch","line":33,"loc":{"start":{"line":33,"column":19},"end":{"line":34,"column":80}},"locations":[{"start":{"line":33,"column":19},"end":{"line":34,"column":80}}]},"7":{"type":"branch","line":38,"loc":{"start":{"line":38,"column":0},"end":{"line":80,"column":1}},"locations":[{"start":{"line":38,"column":0},"end":{"line":80,"column":1}}]},"8":{"type":"branch","line":43,"loc":{"start":{"line":43,"column":16},"end":{"line":43,"column":41}},"locations":[{"start":{"line":43,"column":16},"end":{"line":43,"column":41}}]},"9":{"type":"branch","line":43,"loc":{"start":{"line":43,"column":32},"end":{"line":43,"column":69}},"locations":[{"start":{"line":43,"column":32},"end":{"line":43,"column":69}}]},"10":{"type":"branch","line":43,"loc":{"start":{"line":43,"column":69},"end":{"line":49,"column":3}},"locations":[{"start":{"line":43,"column":69},"end":{"line":49,"column":3}}]},"11":{"type":"branch","line":49,"loc":{"start":{"line":49,"column":2},"end":{"line":80,"column":1}},"locations":[{"start":{"line":49,"column":2},"end":{"line":80,"column":1}}]}},"b":{"0":[6],"1":[5],"2":[1],"3":[0],"4":[1],"5":[2],"6":[2],"7":[6],"8":[5],"9":[4],"10":[2],"11":[4]},"fnMap":{"0":{"name":"parseWhen","decl":{"start":{"line":10,"column":0},"end":{"line":25,"column":1}},"loc":{"start":{"line":10,"column":0},"end":{"line":25,"column":1}},"line":10},"1":{"name":"execute","decl":{"start":{"line":38,"column":0},"end":{"line":80,"column":1}},"loc":{"start":{"line":38,"column":0},"end":{"line":80,"column":1}},"line":38}},"f":{"0":6,"1":6}}
,"D:\\Development\\repos\\Web\\bots\\hypercord\\hypercord\\apps\\bot\\src\\core\\client.ts": {"path":"D:\\Development\\repos\\Web\\bots\\hypercord\\hypercord\\apps\\bot\\src\\core\\client.ts","all":false,"statementMap":{"0":{"start":{"line":1,"column":0},"end":{"line":1,"column":8}},"7":{"start":{"line":8,"column":0},"end":{"line":8,"column":34}},"8":{"start":{"line":9,"column":0},"end":{"line":9,"column":34}},"16":{"start":{"line":17,"column":0},"end":{"line":17,"column":34}},"17":{"start":{"line":18,"column":0},"end":{"line":18,"column":12}},"18":{"start":{"line":19,"column":0},"end":{"line":19,"column":29}},"19":{"start":{"line":20,"column":0},"end":{"line":20,"column":89}},"21":{"start":{"line":22,"column":0},"end":{"line":22,"column":4}},"22":{"start":{"line":23,"column":0},"end":{"line":23,"column":31}},"23":{"start":{"line":24,"column":0},"end":{"line":24,"column":3}},"26":{"start":{"line":27,"column":0},"end":{"line":27,"column":58}},"28":{"start":{"line":29,"column":0},"end":{"line":29,"column":72}},"32":{"start":{"line":33,"column":0},"end":{"line":33,"column":29}},"33":{"start":{"line":34,"column":0},"end":{"line":34,"column":46}},"34":{"start":{"line":35,"column":0},"end":{"line":35,"column":3}}},"s":{"0":1,"7":1,"8":1,"16":1,"17":1,"18":1,"19":1,"21":1,"22":1,"23":1,"26":1,"28":1,"32":1,"33":0,"34":0},"branchMap":{},"b":{},"fnMap":{},"f":{}}
,"D:\\Development\\repos\\Web\\bots\\hypercord\\hypercord\\apps\\bot\\src\\core\\commandBuilder.ts": {"path":"D:\\Development\\repos\\Web\\bots\\hypercord\\hypercord\\apps\\bot\\src\\core\\commandBuilder.ts","all":false,"statementMap":{"2":{"start":{"line":3,"column":0},"end":{"line":3,"column":76}},"16":{"start":{"line":17,"column":0},"end":{"line":17,"column":29}},"17":{"start":{"line":18,"column":0},"end":{"line":18,"column":43}},"18":{"start":{"line":19,"column":0},"end":{"line":19,"column":79}},"19":{"start":{"line":20,"column":0},"end":{"line":20,"column":41}},"21":{"start":{"line":22,"column":0},"end":{"line":22,"column":42}},"22":{"start":{"line":23,"column":0},"end":{"line":23,"column":28}},"23":{"start":{"line":24,"column":0},"end":{"line":24,"column":32}},"24":{"start":{"line":25,"column":0},"end":{"line":25,"column":49}},"25":{"start":{"line":26,"column":0},"end":{"line":26,"column":6}},"26":{"start":{"line":27,"column":0},"end":{"line":27,"column":3}},"31":{"start":{"line":32,"column":0},"end":{"line":32,"column":90}},"32":{"start":{"line":33,"column":0},"end":{"line":33,"column":27}},"33":{"start":{"line":34,"column":0},"end":{"line":34,"column":16}},"34":{"start":{"line":35,"column":0},"end":{"line":35,"column":3}},"39":{"start":{"line":40,"column":0},"end":{"line":40,"column":37}},"40":{"start":{"line":41,"column":0},"end":{"line":41,"column":38}},"41":{"start":{"line":42,"column":0},"end":{"line":42,"column":16}},"42":{"start":{"line":43,"column":0},"end":{"line":43,"column":3}},"47":{"start":{"line":48,"column":0},"end":{"line":48,"column":44}},"48":{"start":{"line":49,"column":0},"end":{"line":49,"column":42}},"49":{"start":{"line":50,"column":0},"end":{"line":50,"column":16}},"50":{"start":{"line":51,"column":0},"end":{"line":51,"column":3}},"55":{"start":{"line":56,"column":0},"end":{"line":56,"column":28}},"57":{"start":{"line":58,"column":0},"end":{"line":58,"column":75}},"59":{"start":{"line":60,"column":0},"end":{"line":60,"column":12}},"60":{"start":{"line":61,"column":0},"end":{"line":61,"column":29}},"61":{"start":{"line":62,"column":0},"end":{"line":62,"column":68}},"62":{"start":{"line":63,"column":0},"end":{"line":63,"column":75}},"63":{"start":{"line":64,"column":0},"end":{"line":64,"column":8}},"64":{"start":{"line":65,"column":0},"end":{"line":65,"column":34}},"65":{"start":{"line":66,"column":0},"end":{"line":66,"column":6}},"66":{"start":{"line":67,"column":0},"end":{"line":67,"column":3}},"67":{"start":{"line":68,"column":0},"end":{"line":68,"column":1}},"72":{"start":{"line":73,"column":0},"end":{"line":73,"column":74}},"73":{"start":{"line":74,"column":0},"end":{"line":74,"column":34}},"74":{"start":{"line":75,"column":0},"end":{"line":75,"column":1}}},"s":{"2":1,"16":1,"17":1,"18":1,"19":1,"21":1,"22":1,"23":1,"24":0,"25":0,"26":1,"31":1,"32":1,"33":1,"34":1,"39":1,"40":4,"41":4,"42":4,"47":1,"48":0,"49":0,"50":0,"55":1,"57":1,"59":1,"60":1,"61":1,"62":0,"63":0,"64":1,"65":1,"66":1,"67":1,"72":1,"73":1,"74":1},"branchMap":{"0":{"type":"branch","line":18,"loc":{"start":{"line":18,"column":10},"end":{"line":20,"column":41}},"locations":[{"start":{"line":18,"column":10},"end":{"line":20,"column":41}}]},"1":{"type":"branch","line":22,"loc":{"start":{"line":22,"column":2},"end":{"line":27,"column":3}},"locations":[{"start":{"line":22,"column":2},"end":{"line":27,"column":3}}]},"2":{"type":"branch","line":32,"loc":{"start":{"line":32,"column":2},"end":{"line":35,"column":3}},"locations":[{"start":{"line":32,"column":2},"end":{"line":35,"column":3}}]},"3":{"type":"branch","line":40,"loc":{"start":{"line":40,"column":2},"end":{"line":43,"column":3}},"locations":[{"start":{"line":40,"column":2},"end":{"line":43,"column":3}}]},"4":{"type":"branch","line":56,"loc":{"start":{"line":56,"column":2},"end":{"line":67,"column":3}},"locations":[{"start":{"line":56,"column":2},"end":{"line":67,"column":3}}]},"5":{"type":"branch","line":73,"loc":{"start":{"line":73,"column":7},"end":{"line":75,"column":1}},"locations":[{"start":{"line":73,"column":7},"end":{"line":75,"column":1}}]}},"b":{"0":[1],"1":[1],"2":[1],"3":[4],"4":[1],"5":[1]},"fnMap":{"0":{"name":"<instance_members_initializer>","decl":{"start":{"line":18,"column":10},"end":{"line":20,"column":41}},"loc":{"start":{"line":18,"column":10},"end":{"line":20,"column":41}},"line":18},"1":{"name":"CommandBuilder","decl":{"start":{"line":22,"column":2},"end":{"line":27,"column":3}},"loc":{"start":{"line":22,"column":2},"end":{"line":27,"column":3}},"line":22},"2":{"name":"CommandBuilder.handler","decl":{"start":{"line":24,"column":19},"end":{"line":26,"column":6}},"loc":{"start":{"line":24,"column":19},"end":{"line":26,"column":6}},"line":24},"3":{"name":"setHandler","decl":{"start":{"line":32,"column":2},"end":{"line":35,"column":3}},"loc":{"start":{"line":32,"column":2},"end":{"line":35,"column":3}},"line":32},"4":{"name":"use","decl":{"start":{"line":40,"column":2},"end":{"line":43,"column":3}},"loc":{"start":{"line":40,"column":2},"end":{"line":43,"column":3}},"line":40},"5":{"name":"useMany","decl":{"start":{"line":48,"column":2},"end":{"line":51,"column":3}},"loc":{"start":{"line":48,"column":2},"end":{"line":51,"column":3}},"line":48},"6":{"name":"build","decl":{"start":{"line":56,"column":2},"end":{"line":67,"column":3}},"loc":{"start":{"line":56,"column":2},"end":{"line":67,"column":3}},"line":56},"7":{"name":"execute","decl":{"start":{"line":62,"column":15},"end":{"line":64,"column":8}},"loc":{"start":{"line":62,"column":15},"end":{"line":64,"column":8}},"line":62},"8":{"name":"createCommand","decl":{"start":{"line":73,"column":7},"end":{"line":75,"column":1}},"loc":{"start":{"line":73,"column":7},"end":{"line":75,"column":1}},"line":73}},"f":{"0":1,"1":1,"2":0,"3":1,"4":4,"5":0,"6":1,"7":0,"8":1}}
,"D:\\Development\\repos\\Web\\bots\\hypercord\\hypercord\\apps\\bot\\src\\core\\config.ts": {"path":"D:\\Development\\repos\\Web\\bots\\hypercord\\hypercord\\apps\\bot\\src\\core\\config.ts","all":false,"statementMap":{"0":{"start":{"line":1,"column":0},"end":{"line":1,"column":23}},"1":{"start":{"line":2,"column":0},"end":{"line":2,"column":24}},"4":{"start":{"line":5,"column":0},"end":{"line":5,"column":13}},"5":{"start":{"line":6,"column":0},"end":{"line":6,"column":11}},"6":{"start":{"line":7,"column":0},"end":{"line":7,"column":19}},"7":{"start":{"line":8,"column":0},"end":{"line":8,"column":5}},"8":{"start":{"line":9,"column":0},"end":{"line":9,"column":17}},"9":{"start":{"line":10,"column":0},"end":{"line":10,"column":27}},"10":{"start":{"line":11,"column":0},"end":{"line":11,"column":23}},"11":{"start":{"line":12,"column":0},"end":{"line":12,"column":4}},"13":{"start":{"line":14,"column":0},"end":{"line":14,"column":28}},"14":{"start":{"line":15,"column":0},"end":{"line":15,"column":31}},"15":{"start":{"line":16,"column":0},"end":{"line":16,"column":31}},"16":{"start":{"line":17,"column":0},"end":{"line":17,"column":34}},"17":{"start":{"line":18,"column":0},"end":{"line":18,"column":34}},"18":{"start":{"line":19,"column":0},"end":{"line":19,"column":31}},"21":{"start":{"line":22,"column":0},"end":{"line":22,"column":88}},"22":{"start":{"line":23,"column":0},"end":{"line":23,"column":88}},"23":{"start":{"line":24,"column":0},"end":{"line":24,"column":3}},"25":{"start":{"line":26,"column":0},"end":{"line":26,"column":48}}},"s":{"0":1,"1":1,"4":1,"5":1,"6":1,"7":12,"8":12,"9":12,"10":12,"11":1,"13":1,"14":1,"15":1,"16":1,"17":1,"18":1,"21":1,"22":1,"23":1,"25":1},"branchMap":{"0":{"type":"branch","line":7,"loc":{"start":{"line":7,"column":13},"end":{"line":11,"column":23}},"locations":[{"start":{"line":7,"column":13},"end":{"line":11,"column":23}}]},"1":{"type":"branch","line":10,"loc":{"start":{"line":10,"column":11},"end":{"line":10,"column":26}},"locations":[{"start":{"line":10,"column":11},"end":{"line":10,"column":26}}]},"2":{"type":"branch","line":22,"loc":{"start":{"line":22,"column":31},"end":{"line":22,"column":72}},"locations":[{"start":{"line":22,"column":31},"end":{"line":22,"column":72}}]},"3":{"type":"branch","line":22,"loc":{"start":{"line":22,"column":63},"end":{"line":22,"column":72}},"locations":[{"start":{"line":22,"column":63},"end":{"line":22,"column":72}}]},"4":{"type":"branch","line":23,"loc":{"start":{"line":23,"column":31},"end":{"line":23,"column":72}},"locations":[{"start":{"line":23,"column":31},"end":{"line":23,"column":72}}]},"5":{"type":"branch","line":23,"loc":{"start":{"line":23,"column":63},"end":{"line":23,"column":72}},"locations":[{"start":{"line":23,"column":63},"end":{"line":23,"column":72}}]}},"b":{"0":[12],"1":[24],"2":[6],"3":[0],"4":[6],"5":[0]},"fnMap":{},"f":{}}
,"D:\\Development\\repos\\Web\\bots\\hypercord\\hypercord\\apps\\bot\\src\\core\\health.ts": {"path":"D:\\Development\\repos\\Web\\bots\\hypercord\\hypercord\\apps\\bot\\src\\core\\health.ts","all":false,"statementMap":{"0":{"start":{"line":1,"column":0},"end":{"line":1,"column":37}},"1":{"start":{"line":2,"column":0},"end":{"line":2,"column":34}},"56":{"start":{"line":57,"column":0},"end":{"line":57,"column":28}},"57":{"start":{"line":58,"column":0},"end":{"line":58,"column":31}},"58":{"start":{"line":59,"column":0},"end":{"line":59,"column":29}},"59":{"start":{"line":60,"column":0},"end":{"line":60,"column":33}},"64":{"start":{"line":65,"column":0},"end":{"line":65,"column":34}},"65":{"start":{"line":66,"column":0},"end":{"line":66,"column":28}},"66":{"start":{"line":67,"column":0},"end":{"line":67,"column":3}},"71":{"start":{"line":72,"column":0},"end":{"line":72,"column":32}},"72":{"start":{"line":73,"column":0},"end":{"line":73,"column":26}},"73":{"start":{"line":74,"column":0},"end":{"line":74,"column":3}},"78":{"start":{"line":79,"column":0},"end":{"line":79,"column":52}},"79":{"start":{"line":80,"column":0},"end":{"line":80,"column":9}},"80":{"start":{"line":81,"column":0},"end":{"line":81,"column":34}},"82":{"start":{"line":83,"column":0},"end":{"line":83,"column":21}},"83":{"start":{"line":84,"column":0},"end":{"line":84,"column":16}},"84":{"start":{"line":85,"column":0},"end":{"line":85,"column":25}},"85":{"start":{"line":86,"column":0},"end":{"line":86,"column":43}},"86":{"start":{"line":87,"column":0},"end":{"line":87,"column":10}},"87":{"start":{"line":88,"column":0},"end":{"line":88,"column":7}},"89":{"start":{"line":90,"column":0},"end":{"line":90,"column":14}},"90":{"start":{"line":91,"column":0},"end":{"line":91,"column":21}},"91":{"start":{"line":92,"column":0},"end":{"line":92,"column":22}},"92":{"start":{"line":93,"column":0},"end":{"line":93,"column":8}},"93":{"start":{"line":94,"column":0},"end":{"line":94,"column":21}},"94":{"start":{"line":95,"column":0},"end":{"line":95,"column":14}},"95":{"start":{"line":96,"column":0},"end":{"line":96,"column":23}},"96":{"start":{"line":97,"column":0},"end":{"line":97,"column":72}},"97":{"start":{"line":98,"column":0},"end":{"line":98,"column":8}},"98":{"start":{"line":99,"column":0},"end":{"line":99,"column":5}},"99":{"start":{"line":100,"column":0},"end":{"line":100,"column":3}},"104":{"start":{"line":105,"column":0},"end":{"line":105,"column":73}},"105":{"start":{"line":106,"column":0},"end":{"line":106,"column":9}},"106":{"start":{"line":107,"column":0},"end":{"line":107,"column":31}},"107":{"start":{"line":108,"column":0},"end":{"line":108,"column":39}},"108":{"start":{"line":109,"column":0},"end":{"line":109,"column":41}},"110":{"start":{"line":111,"column":0},"end":{"line":111,"column":14}},"111":{"start":{"line":112,"column":0},"end":{"line":112,"column":21}},"112":{"start":{"line":113,"column":0},"end":{"line":113,"column":16}},"113":{"start":{"line":114,"column":0},"end":{"line":114,"column":8}},"114":{"start":{"line":115,"column":0},"end":{"line":115,"column":21}},"115":{"start":{"line":116,"column":0},"end":{"line":116,"column":14}},"116":{"start":{"line":117,"column":0},"end":{"line":117,"column":23}},"117":{"start":{"line":118,"column":0},"end":{"line":118,"column":72}},"118":{"start":{"line":119,"column":0},"end":{"line":119,"column":8}},"119":{"start":{"line":120,"column":0},"end":{"line":120,"column":5}},"120":{"start":{"line":121,"column":0},"end":{"line":121,"column":3}},"125":{"start":{"line":126,"column":0},"end":{"line":126,"column":62}},"126":{"start":{"line":127,"column":0},"end":{"line":127,"column":9}},"127":{"start":{"line":128,"column":0},"end":{"line":128,"column":31}},"128":{"start":{"line":129,"column":0},"end":{"line":129,"column":25}},"129":{"start":{"line":130,"column":0},"end":{"line":130,"column":41}},"131":{"start":{"line":132,"column":0},"end":{"line":132,"column":14}},"132":{"start":{"line":133,"column":0},"end":{"line":133,"column":21}},"133":{"start":{"line":134,"column":0},"end":{"line":134,"column":16}},"134":{"start":{"line":135,"column":0},"end":{"line":135,"column":8}},"135":{"start":{"line":136,"column":0},"end":{"line":136,"column":21}},"136":{"start":{"line":137,"column":0},"end":{"line":137,"column":14}},"137":{"start":{"line":138,"column":0},"end":{"line":138,"column":23}},"138":{"start":{"line":139,"column":0},"end":{"line":139,"column":72}},"139":{"start":{"line":140,"column":0},"end":{"line":140,"column":8}},"140":{"start":{"line":141,"column":0},"end":{"line":141,"column":5}},"141":{"start":{"line":142,"column":0},"end":{"line":142,"column":3}},"146":{"start":{"line":147,"column":0},"end":{"line":147,"column":77}},"147":{"start":{"line":148,"column":0},"end":{"line":148,"column":63}},"148":{"start":{"line":149,"column":0},"end":{"line":149,"column":26}},"149":{"start":{"line":150,"column":0},"end":{"line":150,"column":33}},"150":{"start":{"line":151,"column":0},"end":{"line":151,"column":29}},"151":{"start":{"line":152,"column":0},"end":{"line":152,"column":7}},"154":{"start":{"line":155,"column":0},"end":{"line":155,"column":65}},"156":{"start":{"line":157,"column":0},"end":{"line":157,"column":60}},"157":{"start":{"line":158,"column":0},"end":{"line":158,"column":89}},"159":{"start":{"line":160,"column":0},"end":{"line":160,"column":28}},"160":{"start":{"line":161,"column":0},"end":{"line":161,"column":27}},"161":{"start":{"line":162,"column":0},"end":{"line":162,"column":36}},"162":{"start":{"line":163,"column":0},"end":{"line":163,"column":26}},"163":{"start":{"line":164,"column":0},"end":{"line":164,"column":5}},"165":{"start":{"line":166,"column":0},"end":{"line":166,"column":12}},"166":{"start":{"line":167,"column":0},"end":{"line":167,"column":13}},"167":{"start":{"line":168,"column":0},"end":{"line":168,"column":13}},"168":{"start":{"line":169,"column":0},"end":{"line":169,"column":42}},"169":{"start":{"line":170,"column":0},"end":{"line":170,"column":42}},"170":{"start":{"line":171,"column":0},"end":{"line":171,"column":6}},"171":{"start":{"line":172,"column":0},"end":{"line":172,"column":3}},"176":{"start":{"line":177,"column":0},"end":{"line":177,"column":25}},"177":{"start":{"line":178,"column":0},"end":{"line":178,"column":43}},"179":{"start":{"line":180,"column":0},"end":{"line":180,"column":12}},"180":{"start":{"line":181,"column":0},"end":{"line":181,"column":16}},"181":{"start":{"line":182,"column":0},"end":{"line":182,"column":33}},"182":{"start":{"line":183,"column":0},"end":{"line":183,"column":17}},"183":{"start":{"line":184,"column":0},"end":{"line":184,"column":34}},"184":{"start":{"line":185,"column":0},"end":{"line":185,"column":36}},"185":{"start":{"line":186,"column":0},"end":{"line":186,"column":69}},"186":{"start":{"line":187,"column":0},"end":{"line":187,"column":10}},"187":{"start":{"line":188,"column":0},"end":{"line":188,"column":32}},"188":{"start":{"line":189,"column":0},"end":{"line":189,"column":8}},"189":{"start":{"line":190,"column":0},"end":{"line":190,"column":16}},"190":{"start":{"line":191,"column":0},"end":{"line":191,"column":41}},"191":{"start":{"line":192,"column":0},"end":{"line":192,"column":39}},"192":{"start":{"line":193,"column":0},"end":{"line":193,"column":45}},"193":{"start":{"line":194,"column":0},"end":{"line":194,"column":29}},"194":{"start":{"line":195,"column":0},"end":{"line":195,"column":8}},"195":{"start":{"line":196,"column":0},"end":{"line":196,"column":17}},"196":{"start":{"line":197,"column":0},"end":{"line":197,"column":40}},"197":{"start":{"line":198,"column":0},"end":{"line":198,"column":36}},"198":{"start":{"line":199,"column":0},"end":{"line":199,"column":8}},"199":{"start":{"line":200,"column":0},"end":{"line":200,"column":6}},"200":{"start":{"line":201,"column":0},"end":{"line":201,"column":3}},"205":{"start":{"line":206,"column":0},"end":{"line":206,"column":70}},"206":{"start":{"line":207,"column":0},"end":{"line":207,"column":55}},"207":{"start":{"line":208,"column":0},"end":{"line":208,"column":38}},"209":{"start":{"line":210,"column":0},"end":{"line":210,"column":13}},"210":{"start":{"line":211,"column":0},"end":{"line":211,"column":7}},"211":{"start":{"line":212,"column":0},"end":{"line":212,"column":15}},"212":{"start":{"line":213,"column":0},"end":{"line":213,"column":16}},"213":{"start":{"line":214,"column":0},"end":{"line":214,"column":8}},"214":{"start":{"line":215,"column":0},"end":{"line":215,"column":20}},"215":{"start":{"line":216,"column":0},"end":{"line":216,"column":6}},"216":{"start":{"line":217,"column":0},"end":{"line":217,"column":3}},"217":{"start":{"line":218,"column":0},"end":{"line":218,"column":1}},"219":{"start":{"line":220,"column":0},"end":{"line":220,"column":49}}},"s":{"0":1,"1":1,"56":1,"57":1,"58":22,"59":22,"64":1,"65":4,"66":4,"71":1,"72":4,"73":4,"78":1,"79":9,"80":9,"82":9,"83":0,"84":0,"85":0,"86":0,"87":0,"89":9,"90":9,"91":9,"92":9,"93":9,"94":0,"95":0,"96":0,"97":0,"98":0,"99":9,"104":1,"105":9,"106":9,"107":9,"108":5,"110":5,"111":5,"112":5,"113":5,"114":9,"115":4,"116":4,"117":4,"118":4,"119":4,"120":9,"125":1,"126":9,"127":9,"128":9,"129":6,"131":6,"132":6,"133":6,"134":6,"135":9,"136":3,"137":3,"138":3,"139":3,"140":3,"141":9,"146":1,"147":6,"148":6,"149":6,"150":6,"151":6,"154":6,"156":6,"157":6,"159":6,"160":1,"161":6,"162":1,"163":1,"165":6,"166":6,"167":6,"168":6,"169":6,"170":6,"171":6,"176":1,"177":7,"179":7,"180":7,"181":7,"182":7,"183":7,"184":7,"185":7,"186":7,"187":7,"188":7,"189":7,"190":7,"191":7,"192":7,"193":7,"194":7,"195":7,"196":7,"197":7,"198":7,"199":7,"200":7,"205":1,"206":1,"207":1,"209":1,"210":1,"211":1,"212":1,"213":1,"214":1,"215":1,"216":1,"217":1,"219":1},"branchMap":{"0":{"type":"branch","line":58,"loc":{"start":{"line":58,"column":10},"end":{"line":60,"column":33}},"locations":[{"start":{"line":58,"column":10},"end":{"line":60,"column":33}}]},"1":{"type":"branch","line":65,"loc":{"start":{"line":65,"column":2},"end":{"line":67,"column":3}},"locations":[{"start":{"line":65,"column":2},"end":{"line":67,"column":3}}]},"2":{"type":"branch","line":72,"loc":{"start":{"line":72,"column":2},"end":{"line":74,"column":3}},"locations":[{"start":{"line":72,"column":2},"end":{"line":74,"column":3}}]},"3":{"type":"branch","line":79,"loc":{"start":{"line":79,"column":2},"end":{"line":100,"column":3}},"locations":[{"start":{"line":79,"column":2},"end":{"line":100,"column":3}}]},"4":{"type":"branch","line":83,"loc":{"start":{"line":83,"column":20},"end":{"line":88,"column":7}},"locations":[{"start":{"line":83,"column":20},"end":{"line":88,"column":7}}]},"5":{"type":"branch","line":94,"loc":{"start":{"line":94,"column":4},"end":{"line":99,"column":5}},"locations":[{"start":{"line":94,"column":4},"end":{"line":99,"column":5}}]},"6":{"type":"branch","line":105,"loc":{"start":{"line":105,"column":2},"end":{"line":121,"column":3}},"locations":[{"start":{"line":105,"column":2},"end":{"line":121,"column":3}}]},"7":{"type":"branch","line":108,"loc":{"start":{"line":108,"column":19},"end":{"line":115,"column":13}},"locations":[{"start":{"line":108,"column":19},"end":{"line":115,"column":13}}]},"8":{"type":"branch","line":115,"loc":{"start":{"line":115,"column":4},"end":{"line":120,"column":5}},"locations":[{"start":{"line":115,"column":4},"end":{"line":120,"column":5}}]},"9":{"type":"branch","line":118,"loc":{"start":{"line":118,"column":32},"end":{"line":118,"column":56}},"locations":[{"start":{"line":118,"column":32},"end":{"line":118,"column":56}}]},"10":{"type":"branch","line":118,"loc":{"start":{"line":118,"column":46},"end":{"line":118,"column":72}},"locations":[{"start":{"line":118,"column":46},"end":{"line":118,"column":72}}]},"11":{"type":"branch","line":126,"loc":{"start":{"line":126,"column":2},"end":{"line":142,"column":3}},"locations":[{"start":{"line":126,"column":2},"end":{"line":142,"column":3}}]},"12":{"type":"branch","line":129,"loc":{"start":{"line":129,"column":23},"end":{"line":136,"column":13}},"locations":[{"start":{"line":129,"column":23},"end":{"line":136,"column":13}}]},"13":{"type":"branch","line":136,"loc":{"start":{"line":136,"column":4},"end":{"line":141,"column":5}},"locations":[{"start":{"line":136,"column":4},"end":{"line":141,"column":5}}]},"14":{"type":"branch","line":139,"loc":{"start":{"line":139,"column":32},"end":{"line":139,"column":56}},"locations":[{"start":{"line":139,"column":32},"end":{"line":139,"column":56}}]},"15":{"type":"branch","line":139,"loc":{"start":{"line":139,"column":46},"end":{"line":139,"column":72}},"locations":[{"start":{"line":139,"column":46},"end":{"line":139,"column":72}}]},"16":{"type":"branch","line":147,"loc":{"start":{"line":147,"column":2},"end":{"line":172,"column":3}},"locations":[{"start":{"line":147,"column":2},"end":{"line":172,"column":3}}]},"17":{"type":"branch","line":160,"loc":{"start":{"line":160,"column":27},"end":{"line":162,"column":15}},"locations":[{"start":{"line":160,"column":27},"end":{"line":162,"column":15}}]},"18":{"type":"branch","line":162,"loc":{"start":{"line":162,"column":4},"end":{"line":164,"column":5}},"locations":[{"start":{"line":162,"column":4},"end":{"line":164,"column":5}}]},"19":{"type":"branch","line":162,"loc":{"start":{"line":162,"column":35},"end":{"line":164,"column":5}},"locations":[{"start":{"line":162,"column":35},"end":{"line":164,"column":5}}]},"20":{"type":"branch","line":158,"loc":{"start":{"line":158,"column":54},"end":{"line":158,"column":80}},"locations":[{"start":{"line":158,"column":54},"end":{"line":158,"column":80}}]},"21":{"type":"branch","line":177,"loc":{"start":{"line":177,"column":2},"end":{"line":201,"column":3}},"locations":[{"start":{"line":177,"column":2},"end":{"line":201,"column":3}}]},"22":{"type":"branch","line":206,"loc":{"start":{"line":206,"column":2},"end":{"line":217,"column":3}},"locations":[{"start":{"line":206,"column":2},"end":{"line":217,"column":3}}]}},"b":{"0":[22],"1":[4],"2":[4],"3":[9],"4":[0],"5":[0],"6":[9],"7":[5],"8":[4],"9":[3],"10":[1],"11":[9],"12":[6],"13":[3],"14":[2],"15":[1],"16":[6],"17":[1],"18":[5],"19":[1],"20":[18],"21":[7],"22":[1]},"fnMap":{"0":{"name":"<instance_members_initializer>","decl":{"start":{"line":58,"column":10},"end":{"line":60,"column":33}},"loc":{"start":{"line":58,"column":10},"end":{"line":60,"column":33}},"line":58},"1":{"name":"recordCommandExecution","decl":{"start":{"line":65,"column":2},"end":{"line":67,"column":3}},"loc":{"start":{"line":65,"column":2},"end":{"line":67,"column":3}},"line":65},"2":{"name":"recordCommandFailure","decl":{"start":{"line":72,"column":2},"end":{"line":74,"column":3}},"loc":{"start":{"line":72,"column":2},"end":{"line":74,"column":3}},"line":72},"3":{"name":"checkDiscord","decl":{"start":{"line":79,"column":2},"end":{"line":100,"column":3}},"loc":{"start":{"line":79,"column":2},"end":{"line":100,"column":3}},"line":79},"4":{"name":"checkDatabase","decl":{"start":{"line":105,"column":2},"end":{"line":121,"column":3}},"loc":{"start":{"line":105,"column":2},"end":{"line":121,"column":3}},"line":105},"5":{"name":"checkRedis","decl":{"start":{"line":126,"column":2},"end":{"line":142,"column":3}},"loc":{"start":{"line":126,"column":2},"end":{"line":142,"column":3}},"line":126},"6":{"name":"getHealth","decl":{"start":{"line":147,"column":2},"end":{"line":172,"column":3}},"loc":{"start":{"line":147,"column":2},"end":{"line":172,"column":3}},"line":147},"7":{"name":"getMetrics","decl":{"start":{"line":177,"column":2},"end":{"line":201,"column":3}},"loc":{"start":{"line":177,"column":2},"end":{"line":201,"column":3}},"line":177},"8":{"name":"logHealth","decl":{"start":{"line":206,"column":2},"end":{"line":217,"column":3}},"loc":{"start":{"line":206,"column":2},"end":{"line":217,"column":3}},"line":206}},"f":{"0":22,"1":4,"2":4,"3":9,"4":9,"5":9,"6":6,"7":7,"8":1}}
,"D:\\Development\\repos\\Web\\bots\\hypercord\\hypercord\\apps\\bot\\src\\core\\logger.ts": {"path":"D:\\Development\\repos\\Web\\bots\\hypercord\\hypercord\\apps\\bot\\src\\core\\logger.ts","all":false,"statementMap":{"0":{"start":{"line":1,"column":0},"end":{"line":1,"column":24}},"1":{"start":{"line":2,"column":0},"end":{"line":2,"column":68}}},"s":{"0":1,"1":1},"branchMap":{"0":{"type":"branch","line":2,"loc":{"start":{"line":2,"column":55},"end":{"line":2,"column":64}},"locations":[{"start":{"line":2,"column":55},"end":{"line":2,"column":64}}]}},"b":{"0":[0]},"fnMap":{},"f":{}}
,"D:\\Development\\repos\\Web\\bots\\hypercord\\hypercord\\apps\\bot\\src\\core\\middleware.ts": {"path":"D:\\Development\\repos\\Web\\bots\\hypercord\\hypercord\\apps\\bot\\src\\core\\middleware.ts","all":false,"statementMap":{"1":{"start":{"line":2,"column":0},"end":{"line":2,"column":34}},"24":{"start":{"line":25,"column":0},"end":{"line":25,"column":40}},"25":{"start":{"line":26,"column":0},"end":{"line":26,"column":43}},"26":{"start":{"line":27,"column":0},"end":{"line":27,"column":28}},"27":{"start":{"line":28,"column":0},"end":{"line":28,"column":70}},"28":{"start":{"line":29,"column":0},"end":{"line":29,"column":18}},"29":{"start":{"line":30,"column":0},"end":{"line":30,"column":16}},"31":{"start":{"line":32,"column":0},"end":{"line":32,"column":43}},"32":{"start":{"line":33,"column":0},"end":{"line":33,"column":37}},"33":{"start":{"line":34,"column":0},"end":{"line":34,"column":46}},"34":{"start":{"line":35,"column":0},"end":{"line":35,"column":42}},"35":{"start":{"line":36,"column":0},"end":{"line":36,"column":12}},"37":{"start":{"line":38,"column":0},"end":{"line":38,"column":33}},"38":{"start":{"line":39,"column":0},"end":{"line":39,"column":5}},"39":{"start":{"line":40,"column":0},"end":{"line":40,"column":4}},"41":{"start":{"line":42,"column":0},"end":{"line":42,"column":7}},"42":{"start":{"line":43,"column":0},"end":{"line":43,"column":17}},"43":{"start":{"line":44,"column":0},"end":{"line":44,"column":19}},"44":{"start":{"line":45,"column":0},"end":{"line":45,"column":14}},"45":{"start":{"line":46,"column":0},"end":{"line":46,"column":7}},"46":{"start":{"line":47,"column":0},"end":{"line":47,"column":14}},"47":{"start":{"line":48,"column":0},"end":{"line":48,"column":41}},"48":{"start":{"line":49,"column":0},"end":{"line":49,"column":34}},"49":{"start":{"line":50,"column":0},"end":{"line":50,"column":35}},"50":{"start":{"line":51,"column":0},"end":{"line":51,"column":8}},"51":{"start":{"line":52,"column":0},"end":{"line":52,"column":35}},"52":{"start":{"line":53,"column":0},"end":{"line":53,"column":6}},"53":{"start":{"line":54,"column":0},"end":{"line":54,"column":16}},"54":{"start":{"line":55,"column":0},"end":{"line":55,"column":3}},"55":{"start":{"line":56,"column":0},"end":{"line":56,"column":1}},"60":{"start":{"line":61,"column":0},"end":{"line":61,"column":49}},"61":{"start":{"line":62,"column":0},"end":{"line":62,"column":39}},"62":{"start":{"line":63,"column":0},"end":{"line":63,"column":29}},"64":{"start":{"line":65,"column":0},"end":{"line":65,"column":13}},"65":{"start":{"line":66,"column":0},"end":{"line":66,"column":7}},"66":{"start":{"line":67,"column":0},"end":{"line":67,"column":41}},"67":{"start":{"line":68,"column":0},"end":{"line":68,"column":35}},"68":{"start":{"line":69,"column":0},"end":{"line":69,"column":36}},"69":{"start":{"line":70,"column":0},"end":{"line":70,"column":39}},"70":{"start":{"line":71,"column":0},"end":{"line":71,"column":37}},"71":{"start":{"line":72,"column":0},"end":{"line":72,"column":8}},"72":{"start":{"line":73,"column":0},"end":{"line":73,"column":24}},"73":{"start":{"line":74,"column":0},"end":{"line":74,"column":6}},"75":{"start":{"line":76,"column":0},"end":{"line":76,"column":17}},"77":{"start":{"line":78,"column":0},"end":{"line":78,"column":40}},"78":{"start":{"line":79,"column":0},"end":{"line":79,"column":83}},"79":{"start":{"line":80,"column":0},"end":{"line":80,"column":4}},"80":{"start":{"line":81,"column":0},"end":{"line":81,"column":1}},"86":{"start":{"line":87,"column":0},"end":{"line":87,"column":73}},"87":{"start":{"line":88,"column":0},"end":{"line":88,"column":39}},"88":{"start":{"line":89,"column":0},"end":{"line":89,"column":52}},"89":{"start":{"line":90,"column":0},"end":{"line":90,"column":31}},"90":{"start":{"line":91,"column":0},"end":{"line":91,"column":64}},"91":{"start":{"line":92,"column":0},"end":{"line":92,"column":24}},"92":{"start":{"line":93,"column":0},"end":{"line":93,"column":9}},"93":{"start":{"line":94,"column":0},"end":{"line":94,"column":13}},"94":{"start":{"line":95,"column":0},"end":{"line":95,"column":5}},"96":{"start":{"line":97,"column":0},"end":{"line":97,"column":45}},"97":{"start":{"line":98,"column":0},"end":{"line":98,"column":84}},"99":{"start":{"line":100,"column":0},"end":{"line":100,"column":25}},"100":{"start":{"line":101,"column":0},"end":{"line":101,"column":31}},"101":{"start":{"line":102,"column":0},"end":{"line":102,"column":68}},"102":{"start":{"line":103,"column":0},"end":{"line":103,"column":24}},"103":{"start":{"line":104,"column":0},"end":{"line":104,"column":9}},"104":{"start":{"line":105,"column":0},"end":{"line":105,"column":13}},"105":{"start":{"line":106,"column":0},"end":{"line":106,"column":5}},"107":{"start":{"line":108,"column":0},"end":{"line":108,"column":17}},"108":{"start":{"line":109,"column":0},"end":{"line":109,"column":4}},"109":{"start":{"line":110,"column":0},"end":{"line":110,"column":1}},"114":{"start":{"line":115,"column":0},"end":{"line":115,"column":51}},"115":{"start":{"line":116,"column":0},"end":{"line":116,"column":39}},"116":{"start":{"line":117,"column":0},"end":{"line":117,"column":29}},"117":{"start":{"line":118,"column":0},"end":{"line":118,"column":31}},"118":{"start":{"line":119,"column":0},"end":{"line":119,"column":64}},"119":{"start":{"line":120,"column":0},"end":{"line":120,"column":24}},"120":{"start":{"line":121,"column":0},"end":{"line":121,"column":9}},"121":{"start":{"line":122,"column":0},"end":{"line":122,"column":13}},"122":{"start":{"line":123,"column":0},"end":{"line":123,"column":5}},"124":{"start":{"line":125,"column":0},"end":{"line":125,"column":17}},"125":{"start":{"line":126,"column":0},"end":{"line":126,"column":4}},"126":{"start":{"line":127,"column":0},"end":{"line":127,"column":1}},"132":{"start":{"line":133,"column":0},"end":{"line":133,"column":69}},"133":{"start":{"line":134,"column":0},"end":{"line":134,"column":39}},"134":{"start":{"line":135,"column":0},"end":{"line":135,"column":50}},"135":{"start":{"line":136,"column":0},"end":{"line":136,"column":31}},"136":{"start":{"line":137,"column":0},"end":{"line":137,"column":68}},"137":{"start":{"line":138,"column":0},"end":{"line":138,"column":24}},"138":{"start":{"line":139,"column":0},"end":{"line":139,"column":9}},"139":{"start":{"line":140,"column":0},"end":{"line":140,"column":13}},"140":{"start":{"line":141,"column":0},"end":{"line":141,"column":5}},"142":{"start":{"line":143,"column":0},"end":{"line":143,"column":17}},"143":{"start":{"line":144,"column":0},"end":{"line":144,"column":4}},"144":{"start":{"line":145,"column":0},"end":{"line":145,"column":1}},"150":{"start":{"line":151,"column":0},"end":{"line":151,"column":64}},"151":{"start":{"line":152,"column":0},"end":{"line":152,"column":39}},"152":{"start":{"line":153,"column":0},"end":{"line":153,"column":48}},"153":{"start":{"line":154,"column":0},"end":{"line":154,"column":17}},"154":{"start":{"line":155,"column":0},"end":{"line":155,"column":4}},"155":{"start":{"line":156,"column":0},"end":{"line":156,"column":1}},"160":{"start":{"line":161,"column":0},"end":{"line":161,"column":54}},"161":{"start":{"line":162,"column":0},"end":{"line":162,"column":39}},"162":{"start":{"line":163,"column":0},"end":{"line":163,"column":9}},"163":{"start":{"line":164,"column":0},"end":{"line":164,"column":19}},"164":{"start":{"line":165,"column":0},"end":{"line":165,"column":21}},"165":{"start":{"line":166,"column":0},"end":{"line":166,"column":16}},"166":{"start":{"line":167,"column":0},"end":{"line":167,"column":9}},"167":{"start":{"line":168,"column":0},"end":{"line":168,"column":16}},"168":{"start":{"line":169,"column":0},"end":{"line":169,"column":43}},"169":{"start":{"line":170,"column":0},"end":{"line":170,"column":36}},"170":{"start":{"line":171,"column":0},"end":{"line":171,"column":10}},"171":{"start":{"line":172,"column":0},"end":{"line":172,"column":23}},"172":{"start":{"line":173,"column":0},"end":{"line":173,"column":8}},"174":{"start":{"line":175,"column":0},"end":{"line":175,"column":96}},"176":{"start":{"line":177,"column":0},"end":{"line":177,"column":11}},"177":{"start":{"line":178,"column":0},"end":{"line":178,"column":58}},"178":{"start":{"line":179,"column":0},"end":{"line":179,"column":39}},"179":{"start":{"line":180,"column":0},"end":{"line":180,"column":48}},"180":{"start":{"line":181,"column":0},"end":{"line":181,"column":13}},"181":{"start":{"line":182,"column":0},"end":{"line":182,"column":16}},"182":{"start":{"line":183,"column":0},"end":{"line":183,"column":35}},"183":{"start":{"line":184,"column":0},"end":{"line":184,"column":48}},"184":{"start":{"line":185,"column":0},"end":{"line":185,"column":28}},"185":{"start":{"line":186,"column":0},"end":{"line":186,"column":13}},"186":{"start":{"line":187,"column":0},"end":{"line":187,"column":9}},"187":{"start":{"line":188,"column":0},"end":{"line":188,"column":28}},"188":{"start":{"line":189,"column":0},"end":{"line":189,"column":73}},"189":{"start":{"line":190,"column":0},"end":{"line":190,"column":7}},"190":{"start":{"line":191,"column":0},"end":{"line":191,"column":5}},"191":{"start":{"line":192,"column":0},"end":{"line":192,"column":4}},"192":{"start":{"line":193,"column":0},"end":{"line":193,"column":1}}},"s":{"1":1,"24":3,"25":3,"26":3,"27":3,"28":3,"29":3,"31":3,"32":5,"33":4,"34":4,"35":5,"37":1,"38":1,"39":5,"41":3,"42":3,"43":3,"44":1,"45":1,"46":1,"47":1,"48":1,"49":1,"50":1,"51":1,"52":1,"53":1,"54":1,"55":3,"60":1,"61":2,"62":1,"64":1,"65":1,"66":1,"67":1,"68":1,"69":1,"70":1,"71":1,"72":1,"73":1,"75":1,"77":1,"78":1,"79":1,"80":2,"86":1,"87":4,"88":3,"89":1,"90":1,"91":1,"92":1,"93":1,"94":1,"96":2,"97":2,"99":3,"100":1,"101":1,"102":1,"103":1,"104":1,"105":1,"107":1,"108":3,"109":4,"114":1,"115":3,"116":2,"117":1,"118":1,"119":1,"120":1,"121":1,"122":1,"124":1,"125":2,"126":3,"132":1,"133":2,"134":2,"135":1,"136":1,"137":1,"138":1,"139":1,"140":1,"142":1,"143":2,"144":2,"150":1,"151":2,"152":2,"153":2,"154":2,"155":2,"160":1,"161":3,"162":2,"163":2,"164":2,"165":2,"166":2,"167":2,"168":2,"169":2,"170":2,"171":2,"172":2,"174":2,"176":2,"177":2,"178":1,"179":1,"180":1,"181":1,"182":1,"183":1,"184":1,"185":1,"186":1,"187":2,"188":0,"189":0,"190":2,"191":2,"192":3},"branchMap":{"0":{"type":"branch","line":25,"loc":{"start":{"line":25,"column":0},"end":{"line":56,"column":1}},"locations":[{"start":{"line":25,"column":0},"end":{"line":56,"column":1}}]},"1":{"type":"branch","line":43,"loc":{"start":{"line":43,"column":15},"end":{"line":44,"column":11}},"locations":[{"start":{"line":43,"column":15},"end":{"line":44,"column":11}}]},"2":{"type":"branch","line":44,"loc":{"start":{"line":44,"column":2},"end":{"line":55,"column":3}},"locations":[{"start":{"line":44,"column":2},"end":{"line":55,"column":3}}]},"3":{"type":"branch","line":32,"loc":{"start":{"line":32,"column":15},"end":{"line":40,"column":4}},"locations":[{"start":{"line":32,"column":15},"end":{"line":40,"column":4}}]},"4":{"type":"branch","line":33,"loc":{"start":{"line":33,"column":36},"end":{"line":36,"column":11}},"locations":[{"start":{"line":33,"column":36},"end":{"line":36,"column":11}}]},"5":{"type":"branch","line":35,"loc":{"start":{"line":35,"column":40},"end":{"line":36,"column":11}},"locations":[{"start":{"line":35,"column":40},"end":{"line":36,"column":11}}]},"6":{"type":"branch","line":36,"loc":{"start":{"line":36,"column":4},"end":{"line":39,"column":5}},"locations":[{"start":{"line":36,"column":4},"end":{"line":39,"column":5}}]},"7":{"type":"branch","line":61,"loc":{"start":{"line":61,"column":7},"end":{"line":81,"column":1}},"locations":[{"start":{"line":61,"column":7},"end":{"line":81,"column":1}}]},"8":{"type":"branch","line":62,"loc":{"start":{"line":62,"column":9},"end":{"line":80,"column":4}},"locations":[{"start":{"line":62,"column":9},"end":{"line":80,"column":4}}]},"9":{"type":"branch","line":87,"loc":{"start":{"line":87,"column":7},"end":{"line":110,"column":1}},"locations":[{"start":{"line":87,"column":7},"end":{"line":110,"column":1}}]},"10":{"type":"branch","line":88,"loc":{"start":{"line":88,"column":9},"end":{"line":109,"column":4}},"locations":[{"start":{"line":88,"column":9},"end":{"line":109,"column":4}}]},"11":{"type":"branch","line":89,"loc":{"start":{"line":89,"column":21},"end":{"line":89,"column":51}},"locations":[{"start":{"line":89,"column":21},"end":{"line":89,"column":51}}]},"12":{"type":"branch","line":89,"loc":{"start":{"line":89,"column":51},"end":{"line":95,"column":5}},"locations":[{"start":{"line":89,"column":51},"end":{"line":95,"column":5}}]},"13":{"type":"branch","line":95,"loc":{"start":{"line":95,"column":4},"end":{"line":100,"column":24}},"locations":[{"start":{"line":95,"column":4},"end":{"line":100,"column":24}}]},"14":{"type":"branch","line":100,"loc":{"start":{"line":100,"column":24},"end":{"line":108,"column":17}},"locations":[{"start":{"line":100,"column":24},"end":{"line":108,"column":17}}]},"15":{"type":"branch","line":98,"loc":{"start":{"line":98,"column":44},"end":{"line":98,"column":82}},"locations":[{"start":{"line":98,"column":44},"end":{"line":98,"column":82}}]},"16":{"type":"branch","line":115,"loc":{"start":{"line":115,"column":7},"end":{"line":127,"column":1}},"locations":[{"start":{"line":115,"column":7},"end":{"line":127,"column":1}}]},"17":{"type":"branch","line":116,"loc":{"start":{"line":116,"column":9},"end":{"line":126,"column":4}},"locations":[{"start":{"line":116,"column":9},"end":{"line":126,"column":4}}]},"18":{"type":"branch","line":117,"loc":{"start":{"line":117,"column":28},"end":{"line":125,"column":17}},"locations":[{"start":{"line":117,"column":28},"end":{"line":125,"column":17}}]},"19":{"type":"branch","line":133,"loc":{"start":{"line":133,"column":7},"end":{"line":145,"column":1}},"locations":[{"start":{"line":133,"column":7},"end":{"line":145,"column":1}}]},"20":{"type":"branch","line":134,"loc":{"start":{"line":134,"column":9},"end":{"line":144,"column":4}},"locations":[{"start":{"line":134,"column":9},"end":{"line":144,"column":4}}]},"21":{"type":"branch","line":135,"loc":{"start":{"line":135,"column":49},"end":{"line":143,"column":17}},"locations":[{"start":{"line":135,"column":49},"end":{"line":143,"column":17}}]},"22":{"type":"branch","line":151,"loc":{"start":{"line":151,"column":7},"end":{"line":156,"column":1}},"locations":[{"start":{"line":151,"column":7},"end":{"line":156,"column":1}}]},"23":{"type":"branch","line":152,"loc":{"start":{"line":152,"column":9},"end":{"line":155,"column":4}},"locations":[{"start":{"line":152,"column":9},"end":{"line":155,"column":4}}]},"24":{"type":"branch","line":161,"loc":{"start":{"line":161,"column":7},"end":{"line":193,"column":1}},"locations":[{"start":{"line":161,"column":7},"end":{"line":193,"column":1}}]},"25":{"type":"branch","line":162,"loc":{"start":{"line":162,"column":9},"end":{"line":192,"column":4}},"locations":[{"start":{"line":162,"column":9},"end":{"line":192,"column":4}}]},"26":{"type":"branch","line":164,"loc":{"start":{"line":164,"column":17},"end":{"line":165,"column":13}},"locations":[{"start":{"line":164,"column":17},"end":{"line":165,"column":13}}]},"27":{"type":"branch","line":175,"loc":{"start":{"line":175,"column":58},"end":{"line":175,"column":96}},"locations":[{"start":{"line":175,"column":58},"end":{"line":175,"column":96}}]},"28":{"type":"branch","line":178,"loc":{"start":{"line":178,"column":24},"end":{"line":178,"column":57}},"locations":[{"start":{"line":178,"column":24},"end":{"line":178,"column":57}}]},"29":{"type":"branch","line":178,"loc":{"start":{"line":178,"column":57},"end":{"line":187,"column":9}},"locations":[{"start":{"line":178,"column":57},"end":{"line":187,"column":9}}]},"30":{"type":"branch","line":188,"loc":{"start":{"line":188,"column":6},"end":{"line":190,"column":7}},"locations":[{"start":{"line":188,"column":6},"end":{"line":190,"column":7}}]}},"b":{"0":[3],"1":[2],"2":[1],"3":[5],"4":[4],"5":[3],"6":[1],"7":[2],"8":[1],"9":[4],"10":[3],"11":[2],"12":[1],"13":[2],"14":[1],"15":[2],"16":[3],"17":[2],"18":[1],"19":[2],"20":[2],"21":[1],"22":[2],"23":[2],"24":[3],"25":[2],"26":[0],"27":[0],"28":[1],"29":[1],"30":[0]},"fnMap":{"0":{"name":"executeMiddleware","decl":{"start":{"line":25,"column":0},"end":{"line":56,"column":1}},"loc":{"start":{"line":25,"column":0},"end":{"line":56,"column":1}},"line":25},"1":{"name":"next","decl":{"start":{"line":32,"column":15},"end":{"line":40,"column":4}},"loc":{"start":{"line":32,"column":15},"end":{"line":40,"column":4}},"line":32},"2":{"name":"loggingMiddleware","decl":{"start":{"line":61,"column":7},"end":{"line":81,"column":1}},"loc":{"start":{"line":61,"column":7},"end":{"line":81,"column":1}},"line":61},"3":{"name":"permissionMiddleware","decl":{"start":{"line":87,"column":7},"end":{"line":110,"column":1}},"loc":{"start":{"line":87,"column":7},"end":{"line":110,"column":1}},"line":87},"4":{"name":"guildOnlyMiddleware","decl":{"start":{"line":115,"column":7},"end":{"line":127,"column":1}},"loc":{"start":{"line":115,"column":7},"end":{"line":127,"column":1}},"line":115},"5":{"name":"ownerOnlyMiddleware","decl":{"start":{"line":133,"column":7},"end":{"line":145,"column":1}},"loc":{"start":{"line":133,"column":7},"end":{"line":145,"column":1}},"line":133},"6":{"name":"deferMiddleware","decl":{"start":{"line":151,"column":7},"end":{"line":156,"column":1}},"loc":{"start":{"line":151,"column":7},"end":{"line":156,"column":1}},"line":151},"7":{"name":"errorHandlerMiddleware","decl":{"start":{"line":161,"column":7},"end":{"line":193,"column":1}},"loc":{"start":{"line":161,"column":7},"end":{"line":193,"column":1}},"line":161}},"f":{"0":3,"1":5,"2":2,"3":4,"4":3,"5":2,"6":2,"7":3}}
,"D:\\Development\\repos\\Web\\bots\\hypercord\\hypercord\\apps\\bot\\src\\core\\rateLimiter.ts": {"path":"D:\\Development\\repos\\Web\\bots\\hypercord\\hypercord\\apps\\bot\\src\\core\\rateLimiter.ts","all":false,"statementMap":{"2":{"start":{"line":3,"column":0},"end":{"line":3,"column":34}},"29":{"start":{"line":30,"column":0},"end":{"line":30,"column":26}},"30":{"start":{"line":31,"column":0},"end":{"line":31,"column":58}},"31":{"start":{"line":32,"column":0},"end":{"line":32,"column":42}},"33":{"start":{"line":34,"column":0},"end":{"line":34,"column":17}},"35":{"start":{"line":36,"column":0},"end":{"line":36,"column":68}},"36":{"start":{"line":37,"column":0},"end":{"line":37,"column":3}},"44":{"start":{"line":45,"column":0},"end":{"line":45,"column":64}},"45":{"start":{"line":46,"column":0},"end":{"line":46,"column":27}},"46":{"start":{"line":47,"column":0},"end":{"line":47,"column":39}},"48":{"start":{"line":49,"column":0},"end":{"line":49,"column":41}},"50":{"start":{"line":51,"column":0},"end":{"line":51,"column":28}},"51":{"start":{"line":52,"column":0},"end":{"line":52,"column":17}},"52":{"start":{"line":53,"column":0},"end":{"line":53,"column":37}},"53":{"start":{"line":54,"column":0},"end":{"line":54,"column":9}},"54":{"start":{"line":55,"column":0},"end":{"line":55,"column":19}},"55":{"start":{"line":56,"column":0},"end":{"line":56,"column":5}},"57":{"start":{"line":58,"column":0},"end":{"line":58,"column":36}},"59":{"start":{"line":60,"column":0},"end":{"line":60,"column":18}},"60":{"start":{"line":61,"column":0},"end":{"line":61,"column":5}},"63":{"start":{"line":64,"column":0},"end":{"line":64,"column":18}},"64":{"start":{"line":65,"column":0},"end":{"line":65,"column":32}},"65":{"start":{"line":66,"column":0},"end":{"line":66,"column":17}},"66":{"start":{"line":67,"column":0},"end":{"line":67,"column":3}},"72":{"start":{"line":73,"column":0},"end":{"line":73,"column":71}},"73":{"start":{"line":74,"column":0},"end":{"line":74,"column":39}},"74":{"start":{"line":75,"column":0},"end":{"line":75,"column":28}},"76":{"start":{"line":77,"column":0},"end":{"line":77,"column":12}},"77":{"start":{"line":78,"column":0},"end":{"line":78,"column":42}},"78":{"start":{"line":79,"column":0},"end":{"line":79,"column":29}},"79":{"start":{"line":80,"column":0},"end":{"line":80,"column":6}},"80":{"start":{"line":81,"column":0},"end":{"line":81,"column":3}},"86":{"start":{"line":87,"column":0},"end":{"line":87,"column":28}},"87":{"start":{"line":88,"column":0},"end":{"line":88,"column":28}},"88":{"start":{"line":89,"column":0},"end":{"line":89,"column":3}},"93":{"start":{"line":94,"column":0},"end":{"line":94,"column":17}},"94":{"start":{"line":95,"column":0},"end":{"line":95,"column":24}},"95":{"start":{"line":96,"column":0},"end":{"line":96,"column":3}},"100":{"start":{"line":101,"column":0},"end":{"line":101,"column":27}},"101":{"start":{"line":102,"column":0},"end":{"line":102,"column":27}},"102":{"start":{"line":103,"column":0},"end":{"line":103,"column":34}},"104":{"start":{"line":105,"column":0},"end":{"line":105,"column":55}},"105":{"start":{"line":106,"column":0},"end":{"line":106,"column":33}},"106":{"start":{"line":107,"column":0},"end":{"line":107,"column":27}},"107":{"start":{"line":108,"column":0},"end":{"line":108,"column":7}},"108":{"start":{"line":109,"column":0},"end":{"line":109,"column":5}},"110":{"start":{"line":111,"column":0},"end":{"line":111,"column":33}},"111":{"start":{"line":112,"column":0},"end":{"line":112,"column":30}},"112":{"start":{"line":113,"column":0},"end":{"line":113,"column":5}},"114":{"start":{"line":115,"column":0},"end":{"line":115,"column":30}},"115":{"start":{"line":116,"column":0},"end":{"line":116,"column":70}},"116":{"start":{"line":117,"column":0},"end":{"line":117,"column":5}},"117":{"start":{"line":118,"column":0},"end":{"line":118,"column":3}},"122":{"start":{"line":123,"column":0},"end":{"line":123,"column":19}},"123":{"start":{"line":124,"column":0},"end":{"line":124,"column":40}},"124":{"start":{"line":125,"column":0},"end":{"line":125,"column":3}},"125":{"start":{"line":126,"column":0},"end":{"line":126,"column":1}},"128":{"start":{"line":129,"column":0},"end":{"line":129,"column":45}},"134":{"start":{"line":135,"column":0},"end":{"line":135,"column":74}},"135":{"start":{"line":136,"column":0},"end":{"line":136,"column":39}},"137":{"start":{"line":138,"column":0},"end":{"line":138,"column":68}},"139":{"start":{"line":140,"column":0},"end":{"line":140,"column":20}},"140":{"start":{"line":141,"column":0},"end":{"line":141,"column":29}},"141":{"start":{"line":142,"column":0},"end":{"line":142,"column":48}},"142":{"start":{"line":143,"column":0},"end":{"line":143,"column":58}},"143":{"start":{"line":144,"column":0},"end":{"line":144,"column":70}},"144":{"start":{"line":145,"column":0},"end":{"line":145,"column":12}},"145":{"start":{"line":146,"column":0},"end":{"line":146,"column":69}},"146":{"start":{"line":147,"column":0},"end":{"line":147,"column":5}},"149":{"start":{"line":150,"column":0},"end":{"line":150,"column":49}},"150":{"start":{"line":151,"column":0},"end":{"line":151,"column":44}},"151":{"start":{"line":152,"column":0},"end":{"line":152,"column":79}},"153":{"start":{"line":154,"column":0},"end":{"line":154,"column":21}},"154":{"start":{"line":155,"column":0},"end":{"line":155,"column":89}},"156":{"start":{"line":157,"column":0},"end":{"line":157,"column":31}},"157":{"start":{"line":158,"column":0},"end":{"line":158,"column":25}},"158":{"start":{"line":159,"column":0},"end":{"line":159,"column":24}},"159":{"start":{"line":160,"column":0},"end":{"line":160,"column":9}},"161":{"start":{"line":162,"column":0},"end":{"line":162,"column":15}},"162":{"start":{"line":163,"column":0},"end":{"line":163,"column":9}},"163":{"start":{"line":164,"column":0},"end":{"line":164,"column":43}},"164":{"start":{"line":165,"column":0},"end":{"line":165,"column":36}},"165":{"start":{"line":166,"column":0},"end":{"line":166,"column":16}},"166":{"start":{"line":167,"column":0},"end":{"line":167,"column":18}},"167":{"start":{"line":168,"column":0},"end":{"line":168,"column":10}},"168":{"start":{"line":169,"column":0},"end":{"line":169,"column":29}},"169":{"start":{"line":170,"column":0},"end":{"line":170,"column":8}},"171":{"start":{"line":172,"column":0},"end":{"line":172,"column":13}},"172":{"st
[...]
,"D:\\Development\\repos\\Web\\bots\\hypercord\\hypercord\\apps\\bot\\src\\events\\interactionCreate.ts": {"path":"D:\\Development\\repos\\Web\\bots\\hypercord\\hypercord\\apps\\bot\\src\\events\\interactionCreate.ts","all":false,"statementMap":{"0":{"start":{"line":1,"column":0},"end":{"line":1,"column":50}},"1":{"start":{"line":2,"column":0},"end":{"line":2,"column":45}},"2":{"start":{"line":3,"column":0},"end":{"line":3,"column":40}},"4":{"start":{"line":5,"column":0},"end":{"line":5,"column":45}},"5":{"start":{"line":6,"column":0},"end":{"line":6,"column":26}},"7":{"start":{"line":8,"column":0},"end":{"line":8,"column":49}},"8":{"start":{"line":9,"column":0},"end":{"line":9,"column":48}},"10":{"start":{"line":11,"column":0},"end":{"line":11,"column":52}},"11":{"start":{"line":12,"column":0},"end":{"line":12,"column":56}},"13":{"start":{"line":14,"column":0},"end":{"line":14,"column":7}},"15":{"start":{"line":16,"column":0},"end":{"line":16,"column":35}},"16":{"start":{"line":17,"column":0},"end":{"line":17,"column":22}},"17":{"start":{"line":18,"column":0},"end":{"line":18,"column":14}},"18":{"start":{"line":19,"column":0},"end":{"line":19,"column":100}},"19":{"start":{"line":20,"column":0},"end":{"line":20,"column":22}},"20":{"start":{"line":21,"column":0},"end":{"line":21,"column":6}},"23":{"start":{"line":24,"column":0},"end":{"line":24,"column":27}},"24":{"start":{"line":25,"column":0},"end":{"line":25,"column":96}},"25":{"start":{"line":26,"column":0},"end":{"line":26,"column":13}},"26":{"start":{"line":27,"column":0},"end":{"line":27,"column":5}},"28":{"start":{"line":29,"column":0},"end":{"line":29,"column":80}},"30":{"start":{"line":31,"column":0},"end":{"line":31,"column":9}},"31":{"start":{"line":32,"column":0},"end":{"line":32,"column":56}},"32":{"start":{"line":33,"column":0},"end":{"line":33,"column":42}},"33":{"start":{"line":34,"column":0},"end":{"line":34,"column":14}},"34":{"start":{"line":35,"column":0},"end":{"line":35,"column":39}},"35":{"start":{"line":36,"column":0},"end":{"line":36,"column":7}},"36":{"start":{"line":37,"column":0},"end":{"line":37,"column":13}},"38":{"start":{"line":39,"column":0},"end":{"line":39,"column":5}},"39":{"start":{"line":40,"column":0},"end":{"line":40,"column":3}},"40":{"start":{"line":41,"column":0},"end":{"line":41,"column":1}}},"s":{"0":1,"1":1,"2":1,"4":1,"5":1,"7":4,"8":4,"10":3,"11":4,"13":2,"15":2,"16":1,"17":1,"18":1,"19":1,"20":1,"23":1,"24":1,"25":0,"26":0,"28":1,"30":1,"31":1,"32":0,"33":1,"34":1,"35":1,"36":1,"38":0,"39":1,"40":4},"branchMap":{"0":{"type":"branch","line":8,"loc":{"start":{"line":8,"column":0},"end":{"line":41,"column":1}},"locations":[{"start":{"line":8,"column":0},"end":{"line":41,"column":1}}]},"1":{"type":"branch","line":9,"loc":{"start":{"line":9,"column":41},"end":{"line":9,"column":48}},"locations":[{"start":{"line":9,"column":41},"end":{"line":9,"column":48}}]},"2":{"type":"branch","line":9,"loc":{"start":{"line":9,"column":41},"end":{"line":12,"column":14}},"locations":[{"start":{"line":9,"column":41},"end":{"line":12,"column":14}}]},"3":{"type":"branch","line":12,"loc":{"start":{"line":12,"column":7},"end":{"line":12,"column":49}},"locations":[{"start":{"line":12,"column":7},"end":{"line":12,"column":49}}]},"4":{"type":"branch","line":12,"loc":{"start":{"line":12,"column":49},"end":{"line":12,"column":56}},"locations":[{"start":{"line":12,"column":49},"end":{"line":12,"column":56}}]},"5":{"type":"branch","line":12,"loc":{"start":{"line":12,"column":49},"end":{"line":16,"column":35}},"locations":[{"start":{"line":12,"column":49},"end":{"line":16,"column":35}}]},"6":{"type":"branch","line":16,"loc":{"start":{"line":16,"column":33},"end":{"line":40,"column":3}},"locations":[{"start":{"line":16,"column":33},"end":{"line":40,"column":3}}]},"7":{"type":"branch","line":25,"loc":{"start":{"line":25,"column":95},"end":{"line":27,"column":5}},"locations":[{"start":{"line":25,"column":95},"end":{"line":27,"column":5}}]},"8":{"type":"branch","line":32,"loc":{"start":{"line":32,"column":55},"end":{"line":34,"column":13}},"locations":[{"start":{"line":32,"column":55},"end":{"line":34,"column":13}}]},"9":{"type":"branch","line":37,"loc":{"start":{"line":37,"column":4},"end":{"line":39,"column":5}},"locations":[{"start":{"line":37,"column":4},"end":{"line":39,"column":5}}]}},"b":{"0":[4],"1":[1],"2":[3],"3":[2],"4":[1],"5":[2],"6":[1],"7":[0],"8":[0],"9":[0]},"fnMap":{"0":{"name":"execute","decl":{"start":{"line":8,"column":0},"end":{"line":41,"column":1}},"loc":{"start":{"line":8,"column":0},"end":{"line":41,"column":1}},"line":8}},"f":{"0":4}}
,"D:\\Development\\repos\\Web\\bots\\hypercord\\hypercord\\apps\\bot\\src\\events\\ready.ts": {"path":"D:\\Development\\repos\\Web\\bots\\hypercord\\hypercord\\apps\\bot\\src\\events\\ready.ts","all":false,"statementMap":{"0":{"start":{"line":1,"column":0},"end":{"line":1,"column":36}},"1":{"start":{"line":2,"column":0},"end":{"line":2,"column":39}},"2":{"start":{"line":3,"column":0},"end":{"line":3,"column":25}},"3":{"start":{"line":4,"column":0},"end":{"line":4,"column":80}}},"s":{"0":1,"1":1,"2":1,"3":1},"branchMap":{"0":{"type":"branch","line":4,"loc":{"start":{"line":4,"column":0},"end":{"line":4,"column":80}},"locations":[{"start":{"line":4,"column":0},"end":{"line":4,"column":80}}]}},"b":{"0":[1]},"fnMap":{"0":{"name":"execute","decl":{"start":{"line":4,"column":0},"end":{"line":4,"column":80}},"loc":{"start":{"line":4,"column":0},"end":{"line":4,"column":80}},"line":4}},"f":{"0":1}}
,"D:\\Development\\repos\\Web\\bots\\hypercord\\hypercord\\apps\\bot\\src\\lib\\loader.ts": {"path":"D:\\Development\\repos\\Web\\bots\\hypercord\\hypercord\\apps\\bot\\src\\lib\\loader.ts","all":false,"statementMap":{"0":{"start":{"line":1,"column":0},"end":{"line":1,"column":38}},"1":{"start":{"line":2,"column":0},"end":{"line":2,"column":56}},"3":{"start":{"line":4,"column":0},"end":{"line":4,"column":45}},"4":{"start":{"line":5,"column":0},"end":{"line":5,"column":40}},"10":{"start":{"line":11,"column":0},"end":{"line":11,"column":38}},"11":{"start":{"line":12,"column":0},"end":{"line":12,"column":56}},"12":{"start":{"line":13,"column":0},"end":{"line":13,"column":38}},"13":{"start":{"line":14,"column":0},"end":{"line":14,"column":73}},"15":{"start":{"line":16,"column":0},"end":{"line":16,"column":19}},"16":{"start":{"line":17,"column":0},"end":{"line":17,"column":26}},"17":{"start":{"line":18,"column":0},"end":{"line":18,"column":53}},"18":{"start":{"line":19,"column":0},"end":{"line":19,"column":42}},"19":{"start":{"line":20,"column":0},"end":{"line":20,"column":46}},"21":{"start":{"line":22,"column":0},"end":{"line":22,"column":31}},"22":{"start":{"line":23,"column":0},"end":{"line":23,"column":29}},"23":{"start":{"line":24,"column":0},"end":{"line":24,"column":60}},"24":{"start":{"line":25,"column":0},"end":{"line":25,"column":5}},"25":{"start":{"line":26,"column":0},"end":{"line":26,"column":65}},"26":{"start":{"line":27,"column":0},"end":{"line":27,"column":3}},"27":{"start":{"line":28,"column":0},"end":{"line":28,"column":56}},"28":{"start":{"line":29,"column":0},"end":{"line":29,"column":1}},"30":{"start":{"line":31,"column":0},"end":{"line":31,"column":47}},"31":{"start":{"line":32,"column":0},"end":{"line":32,"column":54}},"32":{"start":{"line":33,"column":0},"end":{"line":33,"column":38}},"33":{"start":{"line":34,"column":0},"end":{"line":34,"column":73}},"35":{"start":{"line":36,"column":0},"end":{"line":36,"column":26}},"36":{"start":{"line":37,"column":0},"end":{"line":37,"column":36}},"37":{"start":{"line":38,"column":0},"end":{"line":38,"column":42}},"38":{"start":{"line":39,"column":0},"end":{"line":39,"column":83}},"39":{"start":{"line":40,"column":0},"end":{"line":40,"column":71}},"40":{"start":{"line":41,"column":0},"end":{"line":41,"column":3}},"41":{"start":{"line":42,"column":0},"end":{"line":42,"column":53}},"42":{"start":{"line":43,"column":0},"end":{"line":43,"column":1}}},"s":{"0":1,"1":1,"3":1,"4":1,"10":5,"11":5,"12":5,"13":5,"15":5,"16":5,"17":30,"18":30,"19":30,"21":30,"22":30,"23":0,"24":0,"25":30,"26":30,"27":5,"28":5,"30":5,"31":5,"32":5,"33":5,"35":5,"36":10,"37":10,"38":10,"39":5,"40":10,"41":5,"42":5},"branchMap":{"0":{"type":"branch","line":11,"loc":{"start":{"line":11,"column":0},"end":{"line":29,"column":1}},"locations":[{"start":{"line":11,"column":0},"end":{"line":29,"column":1}}]},"1":{"type":"branch","line":17,"loc":{"start":{"line":17,"column":25},"end":{"line":27,"column":3}},"locations":[{"start":{"line":17,"column":25},"end":{"line":27,"column":3}}]},"2":{"type":"branch","line":20,"loc":{"start":{"line":20,"column":37},"end":{"line":20,"column":46}},"locations":[{"start":{"line":20,"column":37},"end":{"line":20,"column":46}}]},"3":{"type":"branch","line":23,"loc":{"start":{"line":23,"column":28},"end":{"line":25,"column":5}},"locations":[{"start":{"line":23,"column":28},"end":{"line":25,"column":5}}]},"4":{"type":"branch","line":14,"loc":{"start":{"line":14,"column":44},"end":{"line":14,"column":71}},"locations":[{"start":{"line":14,"column":44},"end":{"line":14,"column":71}}]},"5":{"type":"branch","line":31,"loc":{"start":{"line":31,"column":0},"end":{"line":43,"column":1}},"locations":[{"start":{"line":31,"column":0},"end":{"line":43,"column":1}}]},"6":{"type":"branch","line":36,"loc":{"start":{"line":36,"column":25},"end":{"line":41,"column":3}},"locations":[{"start":{"line":36,"column":25},"end":{"line":41,"column":3}}]},"7":{"type":"branch","line":39,"loc":{"start":{"line":39,"column":19},"end":{"line":40,"column":71}},"locations":[{"start":{"line":39,"column":19},"end":{"line":40,"column":71}}]},"8":{"type":"branch","line":34,"loc":{"start":{"line":34,"column":44},"end":{"line":34,"column":71}},"locations":[{"start":{"line":34,"column":44},"end":{"line":34,"column":71}}]}},"b":{"0":[5],"1":[30],"2":[0],"3":[0],"4":[35],"5":[5],"6":[10],"7":[5],"8":[15]},"fnMap":{"0":{"name":"loadCommands","decl":{"start":{"line":11,"column":0},"end":{"line":29,"column":1}},"loc":{"start":{"line":11,"column":0},"end":{"line":29,"column":1}},"line":11},"1":{"name":"loadEvents","decl":{"start":{"line":31,"column":0},"end":{"line":43,"column":1}},"loc":{"start":{"line":31,"column":0},"end":{"line":43,"column":1}},"line":31}},"f":{"0":5,"1":5}}
,"D:\\Development\\repos\\Web\\bots\\hypercord\\hypercord\\apps\\bot\\src\\queue\\index.ts": {"path":"D:\\Development\\repos\\Web\\bots\\hypercord\\hypercord\\apps\\bot\\src\\queue\\index.ts","all":false,"statementMap":{"1":{"start":{"line":2,"column":0},"end":{"line":2,"column":39}},"2":{"start":{"line":3,"column":0},"end":{"line":3,"column":30}},"4":{"start":{"line":5,"column":0},"end":{"line":5,"column":40}},"6":{"start":{"line":7,"column":0},"end":{"line":7,"column":47}},"7":{"start":{"line":8,"column":0},"end":{"line":8,"column":51}},"8":{"start":{"line":9,"column":0},"end":{"line":9,"column":26}},"9":{"start":{"line":10,"column":0},"end":{"line":10,"column":3}},"11":{"start":{"line":12,"column":0},"end":{"line":12,"column":23}},"12":{"start":{"line":13,"column":0},"end":{"line":13,"column":52}},"13":{"start":{"line":14,"column":0},"end":{"line":14,"column":52}},"14":{"start":{"line":15,"column":0},"end":{"line":15,"column":2}},"16":{"start":{"line":17,"column":0},"end":{"line":17,"column":72}},"17":{"start":{"line":18,"column":0},"end":{"line":18,"column":13}},"18":{"start":{"line":19,"column":0},"end":{"line":19,"column":52}},"19":{"start":{"line":20,"column":0},"end":{"line":20,"column":32}},"20":{"start":{"line":21,"column":0},"end":{"line":21,"column":32}},"21":{"start":{"line":22,"column":0},"end":{"line":22,"column":1}},"23":{"start":{"line":24,"column":0},"end":{"line":24,"column":46}},"24":{"start":{"line":25,"column":0},"end":{"line":25,"column":13}},"25":{"start":{"line":26,"column":0},"end":{"line":26,"column":16}},"26":{"start":{"line":27,"column":0},"end":{"line":27,"column":20}},"27":{"start":{"line":28,"column":0},"end":{"line":28,"column":13}},"28":{"start":{"line":29,"column":0},"end":{"line":29,"column":18}},"29":{"start":{"line":30,"column":0},"end":{"line":30,"column":15}},"30":{"start":{"line":31,"column":0},"end":{"line":31,"column":13}},"31":{"start":{"line":32,"column":0},"end":{"line":32,"column":17}},"32":{"start":{"line":33,"column":0},"end":{"line":33,"column":10}},"37":{"start":{"line":38,"column":0},"end":{"line":38,"column":19}},"39":{"start":{"line":40,"column":0},"end":{"line":40,"column":37}},"40":{"start":{"line":41,"column":0},"end":{"line":41,"column":59}},"43":{"start":{"line":44,"column":0},"end":{"line":44,"column":74}},"44":{"start":{"line":45,"column":0},"end":{"line":45,"column":36}},"45":{"start":{"line":46,"column":0},"end":{"line":46,"column":60}},"46":{"start":{"line":47,"column":0},"end":{"line":47,"column":14}},"47":{"start":{"line":48,"column":0},"end":{"line":48,"column":72}},"48":{"start":{"line":49,"column":0},"end":{"line":49,"column":72}},"49":{"start":{"line":50,"column":0},"end":{"line":50,"column":7}},"52":{"start":{"line":53,"column":0},"end":{"line":53,"column":11}},"53":{"start":{"line":54,"column":0},"end":{"line":54,"column":75}},"54":{"start":{"line":55,"column":0},"end":{"line":55,"column":22}},"55":{"start":{"line":56,"column":0},"end":{"line":56,"column":106}},"56":{"start":{"line":57,"column":0},"end":{"line":57,"column":33}},"57":{"start":{"line":58,"column":0},"end":{"line":58,"column":12}},"58":{"start":{"line":59,"column":0},"end":{"line":59,"column":9}},"59":{"start":{"line":60,"column":0},"end":{"line":60,"column":15}},"61":{"start":{"line":62,"column":0},"end":{"line":62,"column":7}},"62":{"start":{"line":63,"column":0},"end":{"line":63,"column":6}},"63":{"start":{"line":64,"column":0},"end":{"line":64,"column":19}},"64":{"start":{"line":65,"column":0},"end":{"line":65,"column":4}},"65":{"start":{"line":66,"column":0},"end":{"line":66,"column":1}}},"s":{"1":1,"2":1,"4":1,"6":1,"7":1,"8":1,"9":1,"11":1,"12":1,"13":1,"14":1,"16":0,"17":0,"18":0,"19":0,"20":0,"21":0,"23":1,"24":0,"25":0,"26":0,"27":0,"28":0,"29":0,"30":0,"31":0,"32":0,"37":0,"39":0,"40":0,"43":0,"44":0,"45":0,"46":0,"47":0,"48":0,"49":0,"52":0,"53":0,"54":0,"55":0,"56":0,"57":0,"58":0,"59":0,"61":0,"62":0,"63":0,"64":0,"65":0},"branchMap":{},"b":{},"fnMap":{"0":{"name":"isGuildTextSendable","decl":{"start":{"line":17,"column":0},"end":{"line":22,"column":1}},"loc":{"start":{"line":17,"column":0},"end":{"line":22,"column":1}},"line":17},"1":{"name":"startWorkers","decl":{"start":{"line":24,"column":7},"end":{"line":66,"column":1}},"loc":{"start":{"line":24,"column":7},"end":{"line":66,"column":1}},"line":24}},"f":{"0":0,"1":0}}
,"D:\\Development\\repos\\Web\\bots\\hypercord\\hypercord\\apps\\bot\\src\\utils\\dateParser.ts": {"path":"D:\\Development\\repos\\Web\\bots\\hypercord\\hypercord\\apps\\bot\\src\\utils\\dateParser.ts","all":false,"statementMap":{"5":{"start":{"line":6,"column":0},"end":{"line":6,"column":64}},"6":{"start":{"line":7,"column":0},"end":{"line":7,"column":50}},"7":{"start":{"line":8,"column":0},"end":{"line":8,"column":26}},"9":{"start":{"line":10,"column":0},"end":{"line":10,"column":33}},"10":{"start":{"line":11,"column":0},"end":{"line":11,"column":37}},"12":{"start":{"line":13,"column":0},"end":{"line":13,"column":47}},"13":{"start":{"line":14,"column":0},"end":{"line":14,"column":12}},"14":{"start":{"line":15,"column":0},"end":{"line":15,"column":17}},"15":{"start":{"line":16,"column":0},"end":{"line":16,"column":22}},"16":{"start":{"line":17,"column":0},"end":{"line":17,"column":27}},"17":{"start":{"line":18,"column":0},"end":{"line":18,"column":4}},"19":{"start":{"line":20,"column":0},"end":{"line":20,"column":42}},"20":{"start":{"line":21,"column":0},"end":{"line":21,"column":1}},"27":{"start":{"line":28,"column":0},"end":{"line":28,"column":52}},"28":{"start":{"line":29,"column":0},"end":{"line":29,"column":40}},"29":{"start":{"line":30,"column":0},"end":{"line":30,"column":43}},"30":{"start":{"line":31,"column":0},"end":{"line":31,"column":41}},"31":{"start":{"line":32,"column":0},"end":{"line":32,"column":38}},"33":{"start":{"line":34,"column":0},"end":{"line":34,"column":34}},"34":{"start":{"line":35,"column":0},"end":{"line":35,"column":36}},"35":{"start":{"line":36,"column":0},"end":{"line":36,"column":40}},"36":{"start":{"line":37,"column":0},"end":{"line":37,"column":23}},"37":{"start":{"line":38,"column":0},"end":{"line":38,"column":1}},"46":{"start":{"line":47,"column":0},"end":{"line":47,"column":80}},"47":{"start":{"line":48,"column":0},"end":{"line":48,"column":32}},"48":{"start":{"line":49,"column":0},"end":{"line":49,"column":1}}},"s":{"5":1,"6":15,"7":15,"9":10,"10":10,"12":10,"13":10,"14":10,"15":10,"16":10,"17":10,"19":15,"20":15,"27":1,"28":10,"29":10,"30":10,"31":10,"33":10,"34":10,"35":10,"36":2,"37":2,"46":1,"47":7,"48":7},"branchMap":{"0":{"type":"branch","line":6,"loc":{"start":{"line":6,"column":7},"end":{"line":21,"column":1}},"locations":[{"start":{"line":6,"column":7},"end":{"line":21,"column":1}}]},"1":{"type":"branch","line":8,"loc":{"start":{"line":8,"column":14},"end":{"line":8,"column":26}},"locations":[{"start":{"line":8,"column":14},"end":{"line":8,"column":26}}]},"2":{"type":"branch","line":8,"loc":{"start":{"line":8,"column":21},"end":{"line":20,"column":39}},"locations":[{"start":{"line":8,"column":21},"end":{"line":20,"column":39}}]},"3":{"type":"branch","line":20,"loc":{"start":{"line":20,"column":34},"end":{"line":20,"column":42}},"locations":[{"start":{"line":20,"column":34},"end":{"line":20,"column":42}}]},"4":{"type":"branch","line":28,"loc":{"start":{"line":28,"column":7},"end":{"line":38,"column":1}},"locations":[{"start":{"line":28,"column":7},"end":{"line":38,"column":1}}]},"5":{"type":"branch","line":34,"loc":{"start":{"line":34,"column":16},"end":{"line":34,"column":34}},"locations":[{"start":{"line":34,"column":16},"end":{"line":34,"column":34}}]},"6":{"type":"branch","line":34,"loc":{"start":{"line":34,"column":30},"end":{"line":35,"column":24}},"locations":[{"start":{"line":34,"column":30},"end":{"line":35,"column":24}}]},"7":{"type":"branch","line":35,"loc":{"start":{"line":35,"column":17},"end":{"line":35,"column":36}},"locations":[{"start":{"line":35,"column":17},"end":{"line":35,"column":36}}]},"8":{"type":"branch","line":35,"loc":{"start":{"line":35,"column":32},"end":{"line":36,"column":26}},"locations":[{"start":{"line":35,"column":32},"end":{"line":36,"column":26}}]},"9":{"type":"branch","line":36,"loc":{"start":{"line":36,"column":19},"end":{"line":38,"column":1}},"locations":[{"start":{"line":36,"column":19},"end":{"line":38,"column":1}}]},"10":{"type":"branch","line":47,"loc":{"start":{"line":47,"column":7},"end":{"line":49,"column":1}},"locations":[{"start":{"line":47,"column":7},"end":{"line":49,"column":1}}]},"11":{"type":"branch","line":48,"loc":{"start":{"line":48,"column":15},"end":{"line":48,"column":32}},"locations":[{"start":{"line":48,"column":15},"end":{"line":48,"column":32}}]}},"b":{"0":[15],"1":[5],"2":[10],"3":[0],"4":[10],"5":[3],"6":[7],"7":[3],"8":[4],"9":[2],"10":[7],"11":[5]},"fnMap":{"0":{"name":"parseDuration","decl":{"start":{"line":6,"column":7},"end":{"line":21,"column":1}},"loc":{"start":{"line":6,"column":7},"end":{"line":21,"column":1}},"line":6},"1":{"name":"formatDuration","decl":{"start":{"line":28,"column":7},"end":{"line":38,"column":1}},"loc":{"start":{"line":28,"column":7},"end":{"line":38,"column":1}},"line":28},"2":{"name":"isValidDuration","decl":{"start":{"line":47,"column":7},"end":{"line":49,"column":1}},"loc":{"start":{"line":47,"column":7},"end":{"line":49,"column":1}},"line":47}},"f":{"0":15,"1":10,"2":7}}
}
