TN:
SF:.eslintrc.cjs
FN:1,(empty-report)
FNF:1
FNH:0
FNDA:0,(empty-report)
DA:1,0
DA:2,0
DA:3,0
DA:4,0
DA:5,0
DA:6,0
DA:7,0
DA:8,0
DA:9,0
LF:9
LH:0
BRDA:1,0,0,0
BRF:1
BRH:0
end_of_record
TN:
SF:src\index.ts
FN:1,(empty-report)
FNF:1
FNH:0
FNDA:0,(empty-report)
DA:1,0
DA:2,0
DA:3,0
DA:4,0
DA:5,0
DA:6,0
DA:9,0
DA:12,0
DA:13,0
DA:14,0
DA:17,0
DA:18,0
DA:21,0
DA:22,0
DA:23,0
DA:24,0
DA:25,0
DA:26,0
DA:29,0
DA:30,0
DA:32,0
DA:34,0
LF:22
LH:0
BRDA:1,0,0,0
BRF:1
BRH:0
end_of_record
TN:
SF:src\commands\about.ts
FN:11,execute
FNF:1
FNH:1
FNDA:2,execute
DA:1,1
DA:2,1
DA:3,1
DA:4,1
DA:5,1
DA:6,2
DA:7,2
DA:8,2
DA:9,1
DA:11,2
DA:12,2
DA:14,2
DA:15,2
LF:13
LH:13
BRDA:5,0,0,2
BRDA:11,1,0,2
BRDA:14,2,0,1
BRF:3
BRH:3
end_of_record
TN:
SF:src\commands\audit-perms.ts
FN:18,isAllowed
FN:51,execute
FNF:2
FNH:2
FNDA:5,isAllowed
FNDA:5,execute
DA:1,1
DA:8,1
DA:15,1
DA:16,1
DA:18,5
DA:20,5
DA:21,5
DA:24,5
DA:26,1
DA:28,1
DA:29,5
DA:30,1
DA:31,0
DA:33,5
DA:34,5
DA:36,1
DA:37,1
DA:38,1
DA:39,1
DA:40,1
DA:41,1
DA:42,1
DA:43,1
DA:44,1
DA:46,1
DA:47,1
DA:48,1
DA:49,1
DA:51,5
DA:53,5
DA:55,5
DA:56,1
DA:57,1
DA:58,1
DA:61,4
DA:62,4
DA:63,4
DA:65,4
DA:66,4
DA:67,4
DA:68,4
DA:69,4
DA:71,4
DA:72,4
DA:73,4
DA:74,4
DA:76,4
DA:77,4
DA:78,4
DA:79,4
DA:81,4
DA:82,4
DA:83,4
DA:84,5
DA:85,5
DA:86,5
DA:87,5
DA:88,5
DA:90,5
DA:91,4
LF:60
LH:59
BRDA:15,0,0,0
BRDA:16,1,0,0
BRDA:18,2,0,5
BRDA:20,3,0,0
BRDA:21,4,0,4
BRDA:21,5,0,1
BRDA:24,6,0,0
BRDA:24,7,0,1
BRDA:29,8,0,1
BRDA:30,9,0,0
BRDA:51,10,0,5
BRDA:55,11,0,1
BRDA:58,12,0,4
BRDA:84,13,0,0
BRDA:84,14,0,4
BRDA:85,15,0,0
BRDA:85,16,0,4
BRDA:86,17,0,0
BRDA:86,18,0,4
BRDA:90,19,0,4
BRF:20
BRH:12
end_of_record
TN:
SF:src\commands\diagnose.ts
FN:16,execute
FNF:1
FNH:1
FNDA:4,execute
DA:1,1
DA:6,1
DA:7,1
DA:9,1
DA:10,1
DA:12,1
DA:13,1
DA:14,1
DA:16,4
DA:17,4
DA:19,4
DA:22,4
DA:23,4
DA:24,4
DA:25,4
DA:26,4
DA:27,4
DA:28,4
DA:31,4
DA:32,4
DA:33,4
DA:34,4
DA:35,4
DA:36,4
DA:38,4
DA:39,4
DA:40,4
DA:41,4
DA:42,4
DA:43,4
DA:44,4
DA:45,4
DA:46,4
DA:47,4
DA:49,4
DA:50,4
LF:36
LH:36
BRDA:16,0,0,4
BRDA:28,1,0,0
BRDA:36,2,0,0
BRDA:43,3,0,0
BRDA:44,4,0,0
BRDA:46,5,0,0
BRF:6
BRH:1
end_of_record
TN:
SF:src\commands\example-enhanced.ts
FNF:0
FNH:0
DA:1,1
DA:2,1
DA:3,1
DA:4,1
DA:10,1
DA:11,1
DA:12,1
DA:14,1
DA:15,1
DA:16,1
DA:17,1
DA:18,1
DA:19,1
DA:20,1
DA:21,1
DA:22,1
DA:23,1
DA:24,1
DA:25,1
DA:26,0
DA:27,0
DA:28,0
DA:29,0
DA:30,0
DA:31,1
LF:25
LH:20
BRF:0
BRH:0
end_of_record
TN:
SF:src\commands\ping.ts
FN:3,execute
FNF:1
FNH:1
FNDA:2,execute
DA:1,1
DA:2,1
DA:3,2
DA:4,2
DA:5,2
DA:6,2
DA:7,2
LF:7
LH:7
BRDA:3,0,0,2
BRF:1
BRH:1
end_of_record
TN:
SF:src\commands\remind.ts
FN:10,parseWhen
FN:38,execute
FNF:2
FNH:2
FNDA:6,parseWhen
FNDA:6,execute
DA:1,1
DA:8,1
DA:10,6
DA:11,6
DA:12,6
DA:13,5
DA:14,5
DA:15,5
DA:16,5
DA:17,5
DA:18,5
DA:19,1
DA:20,6
DA:21,0
DA:22,0
DA:23,0
DA:24,1
DA:25,1
DA:27,1
DA:28,1
DA:29,1
DA:30,1
DA:31,2
DA:32,1
DA:33,1
DA:34,2
DA:35,1
DA:36,1
DA:38,6
DA:39,6
DA:40,6
DA:42,6
DA:43,6
DA:44,2
DA:45,2
DA:46,2
DA:47,2
DA:48,2
DA:49,2
DA:51,4
DA:53,4
DA:56,4
DA:57,4
DA:58,4
DA:59,4
DA:60,4
DA:61,4
DA:62,4
DA:63,4
DA:64,4
DA:65,4
DA:66,4
DA:67,4
DA:68,4
DA:69,4
DA:70,4
DA:71,4
DA:73,4
DA:74,4
DA:75,4
DA:76,4
DA:77,4
DA:78,4
DA:79,4
DA:80,4
LF:65
LH:62
BRDA:10,0,0,6
BRDA:12,1,0,5
BRDA:18,2,0,1
BRDA:20,3,0,0
BRDA:23,4,0,1
BRDA:30,5,0,2
BRDA:33,6,0,2
BRDA:38,7,0,6
BRDA:43,8,0,5
BRDA:43,9,0,4
BRDA:43,10,0,2
BRDA:49,11,0,4
BRF:12
BRH:11
end_of_record
TN:
SF:src\core\client.ts
FNF:0
FNH:0
DA:1,1
DA:8,1
DA:9,1
DA:17,1
DA:18,1
DA:19,1
DA:20,1
DA:22,1
DA:23,1
DA:24,1
DA:27,1
DA:29,1
DA:33,1
DA:34,0
DA:35,0
LF:15
LH:13
BRF:0
BRH:0
end_of_record
TN:
SF:src\core\commandBuilder.ts
FN:18,<instance_members_initializer>
FN:22,CommandBuilder
FN:24,CommandBuilder.handler
FN:32,setHandler
FN:40,use
FN:48,useMany
FN:56,build
FN:62,execute
FN:73,createCommand
FNF:9
FNH:6
FNDA:1,<instance_members_initializer>
FNDA:1,CommandBuilder
FNDA:0,CommandBuilder.handler
FNDA:1,setHandler
FNDA:4,use
FNDA:0,useMany
FNDA:1,build
FNDA:0,execute
FNDA:1,createCommand
DA:3,1
DA:17,1
DA:18,1
DA:19,1
DA:20,1
DA:22,1
DA:23,1
DA:24,1
DA:25,0
DA:26,0
DA:27,1
DA:32,1
DA:33,1
DA:34,1
DA:35,1
DA:40,1
DA:41,4
DA:42,4
DA:43,4
DA:48,1
DA:49,0
DA:50,0
DA:51,0
DA:56,1
DA:58,1
DA:60,1
DA:61,1
DA:62,1
DA:63,0
DA:64,0
DA:65,1
DA:66,1
DA:67,1
DA:68,1
DA:73,1
DA:74,1
DA:75,1
LF:37
LH:30
BRDA:18,0,0,1
BRDA:22,1,0,1
BRDA:32,2,0,1
BRDA:40,3,0,4
BRDA:56,4,0,1
BRDA:73,5,0,1
BRF:6
BRH:6
end_of_record
TN:
SF:src\core\config.ts
FNF:0
FNH:0
DA:1,1
DA:2,1
DA:5,1
DA:6,1
DA:7,1
DA:8,12
DA:9,12
DA:10,12
DA:11,12
DA:12,1
DA:14,1
DA:15,1
DA:16,1
DA:17,1
DA:18,1
DA:19,1
DA:22,1
DA:23,1
DA:24,1
DA:26,1
LF:20
LH:20
BRDA:7,0,0,12
BRDA:10,1,0,24
BRDA:22,2,0,6
BRDA:22,3,0,0
BRDA:23,4,0,6
BRDA:23,5,0,0
BRF:6
BRH:4
end_of_record
TN:
SF:src\core\health.ts
FN:58,<instance_members_initializer>
FN:65,recordCommandExecution
FN:72,recordCommandFailure
FN:79,checkDiscord
FN:105,checkDatabase
FN:126,checkRedis
FN:147,getHealth
FN:177,getMetrics
FN:206,logHealth
FNF:9
FNH:9
FNDA:22,<instance_members_initializer>
FNDA:4,recordCommandExecution
FNDA:4,recordCommandFailure
FNDA:9,checkDiscord
FNDA:9,checkDatabase
FNDA:9,checkRedis
FNDA:6,getHealth
FNDA:7,getMetrics
FNDA:1,logHealth
DA:1,1
DA:2,1
DA:57,1
DA:58,1
DA:59,22
DA:60,22
DA:65,1
DA:66,4
DA:67,4
DA:72,1
DA:73,4
DA:74,4
DA:79,1
DA:80,9
DA:81,9
DA:83,9
DA:84,0
DA:85,0
DA:86,0
DA:87,0
DA:88,0
DA:90,9
DA:91,9
DA:92,9
DA:93,9
DA:94,9
DA:95,0
DA:96,0
DA:97,0
DA:98,0
DA:99,0
DA:100,9
DA:105,1
DA:106,9
DA:107,9
DA:108,9
DA:109,5
DA:111,5
DA:112,5
DA:113,5
DA:114,5
DA:115,9
DA:116,4
DA:117,4
DA:118,4
DA:119,4
DA:120,4
DA:121,9
DA:126,1
DA:127,9
DA:128,9
DA:129,9
DA:130,6
DA:132,6
DA:133,6
DA:134,6
DA:135,6
DA:136,9
DA:137,3
DA:138,3
DA:139,3
DA:140,3
DA:141,3
DA:142,9
DA:147,1
DA:148,6
DA:149,6
DA:150,6
DA:151,6
DA:152,6
DA:155,6
DA:157,6
DA:158,6
DA:160,6
DA:161,1
DA:162,6
DA:163,1
DA:164,1
DA:166,6
DA:167,6
DA:168,6
DA:169,6
DA:170,6
DA:171,6
DA:172,6
DA:177,1
DA:178,7
DA:180,7
DA:181,7
DA:182,7
DA:183,7
DA:184,7
DA:185,7
DA:186,7
DA:187,7
DA:188,7
DA:189,7
DA:190,7
DA:191,7
DA:192,7
DA:193,7
DA:194,7
DA:195,7
DA:196,7
DA:197,7
DA:198,7
DA:199,7
DA:200,7
DA:201,7
DA:206,1
DA:207,1
DA:208,1
DA:210,1
DA:211,1
DA:212,1
DA:213,1
DA:214,1
DA:215,1
DA:216,1
DA:217,1
DA:218,1
DA:220,1
LF:122
LH:112
BRDA:58,0,0,22
BRDA:65,1,0,4
BRDA:72,2,0,4
BRDA:79,3,0,9
BRDA:83,4,0,0
BRDA:94,5,0,0
BRDA:105,6,0,9
BRDA:108,7,0,5
BRDA:115,8,0,4
BRDA:118,9,0,3
BRDA:118,10,0,1
BRDA:126,11,0,9
BRDA:129,12,0,6
BRDA:136,13,0,3
BRDA:139,14,0,2
BRDA:139,15,0,1
BRDA:147,16,0,6
BRDA:160,17,0,1
BRDA:162,18,0,5
BRDA:162,19,0,1
BRDA:158,20,0,18
BRDA:177,21,0,7
BRDA:206,22,0,1
BRF:23
BRH:21
end_of_record
TN:
SF:src\core\logger.ts
FNF:0
FNH:0
DA:1,1
DA:2,1
LF:2
LH:2
BRDA:2,0,0,0
BRF:1
BRH:0
end_of_record
TN:
SF:src\core\middleware.ts
FN:25,executeMiddleware
FN:32,next
FN:61,loggingMiddleware
FN:87,permissionMiddleware
FN:115,guildOnlyMiddleware
FN:133,ownerOnlyMiddleware
FN:151,deferMiddleware
FN:161,errorHandlerMiddleware
FNF:8
FNH:8
FNDA:3,executeMiddleware
FNDA:5,next
FNDA:2,loggingMiddleware
FNDA:4,permissionMiddleware
FNDA:3,guildOnlyMiddleware
FNDA:2,ownerOnlyMiddleware
FNDA:2,deferMiddleware
FNDA:3,errorHandlerMiddleware
DA:2,1
DA:25,3
DA:26,3
DA:27,3
DA:28,3
DA:29,3
DA:30,3
DA:32,3
DA:33,5
DA:34,4
DA:35,4
DA:36,5
DA:38,1
DA:39,1
DA:40,5
DA:42,3
DA:43,3
DA:44,3
DA:45,1
DA:46,1
DA:47,1
DA:48,1
DA:49,1
DA:50,1
DA:51,1
DA:52,1
DA:53,1
DA:54,1
DA:55,1
DA:56,3
DA:61,1
DA:62,2
DA:63,1
DA:65,1
DA:66,1
DA:67,1
DA:68,1
DA:69,1
DA:70,1
DA:71,1
DA:72,1
DA:73,1
DA:74,1
DA:76,1
DA:78,1
DA:79,1
DA:80,1
DA:81,2
DA:87,1
DA:88,4
DA:89,3
DA:90,1
DA:91,1
DA:92,1
DA:93,1
DA:94,1
DA:95,1
DA:97,2
DA:98,2
DA:100,3
DA:101,1
DA:102,1
DA:103,1
DA:104,1
DA:105,1
DA:106,1
DA:108,1
DA:109,3
DA:110,4
DA:115,1
DA:116,3
DA:117,2
DA:118,1
DA:119,1
DA:120,1
DA:121,1
DA:122,1
DA:123,1
DA:125,1
DA:126,2
DA:127,3
DA:133,1
DA:134,2
DA:135,2
DA:136,1
DA:137,1
DA:138,1
DA:139,1
DA:140,1
DA:141,1
DA:143,1
DA:144,2
DA:145,2
DA:151,1
DA:152,2
DA:153,2
DA:154,2
DA:155,2
DA:156,2
DA:161,1
DA:162,3
DA:163,2
DA:164,2
DA:165,2
DA:166,2
DA:167,2
DA:168,2
DA:169,2
DA:170,2
DA:171,2
DA:172,2
DA:173,2
DA:175,2
DA:177,2
DA:178,2
DA:179,1
DA:180,1
DA:181,1
DA:182,1
DA:183,1
DA:184,1
DA:185,1
DA:186,1
DA:187,1
DA:188,2
DA:189,0
DA:190,0
DA:191,2
DA:192,2
DA:193,3
LF:130
LH:128
BRDA:25,0,0,3
BRDA:43,1,0,2
BRDA:44,2,0,1
BRDA:32,3,0,5
BRDA:33,4,0,4
BRDA:35,5,0,3
BRDA:36,6,0,1
BRDA:61,7,0,2
BRDA:62,8,0,1
BRDA:87,9,0,4
BRDA:88,10,0,3
BRDA:89,11,0,2
BRDA:89,12,0,1
BRDA:95,13,0,2
BRDA:100,14,0,1
BRDA:98,15,0,2
BRDA:115,16,0,3
BRDA:116,17,0,2
BRDA:117,18,0,1
BRDA:133,19,0,2
BRDA:134,20,0,2
BRDA:135,21,0,1
BRDA:151,22,0,2
BRDA:152,23,0,2
BRDA:161,24,0,3
BRDA:162,25,0,2
BRDA:164,26,0,0
BRDA:175,27,0,0
BRDA:178,28,0,1
BRDA:178,29,0,1
BRDA:188,30,0,0
BRF:31
BRH:28
end_of_record
TN:
SF:src\core\rateLimiter.ts
FN:31,<instance_members_initializer>
FN:34,RateLimiter
FN:45,isRateLimited
FN:73,getInfo
FN:87,reset
FN:94,clear
FN:101,cleanup
FN:123,destroy
FN:135,rateLimitMiddleware
FN:184,cooldownMiddleware
FNF:10
FNH:9
FNDA:15,<instance_members_initializer>
FNDA:15,RateLimiter
FNDA:32,isRateLimited
FNDA:4,getInfo
FNDA:1,reset
FNDA:1,clear
FNDA:0,cleanup
FNDA:12,destroy
FNDA:6,rateLimitMiddleware
FNDA:1,cooldownMiddleware
DA:3,1
DA:30,1
DA:31,1
DA:32,15
DA:34,1
DA:36,15
DA:37,15
DA:45,1
DA:46,32
DA:47,32
DA:49,32
DA:51,19
DA:52,19
DA:53,19
DA:54,19
DA:55,19
DA:56,19
DA:58,32
DA:60,8
DA:61,8
DA:64,5
DA:65,5
DA:66,5
DA:67,32
DA:73,1
DA:74,4
DA:75,4
DA:77,3
DA:78,3
DA:79,3
DA:80,3
DA:81,4
DA:87,1
DA:88,1
DA:89,1
DA:94,1
DA:95,1
DA:96,1
DA:101,1
DA:102,0
DA:103,0
DA:105,0
DA:106,0
DA:107,0
DA:108,0
DA:109,0
DA:111,0
DA:112,0
DA:113,0
DA:115,0
DA:116,0
DA:117,0
DA:118,0
DA:123,1
DA:124,12
DA:125,12
DA:126,1
DA:129,1
DA:135,1
DA:136,6
DA:138,6
DA:140,8
DA:141,8
DA:142,2
DA:143,8
DA:144,2
DA:145,6
DA:146,4
DA:147,4
DA:150,8
DA:151,2
DA:152,2
DA:154,2
DA:155,2
DA:157,2
DA:158,2
DA:159,2
DA:160,2
DA:162,2
DA:163,2
DA:164,2
DA:165,2
DA:166,2
DA:167,2
DA:168,2
DA:169,2
DA:170,2
DA:172,2
DA:173,2
DA:175,6
DA:176,8
DA:177,6
DA:184,1
DA:185,1
DA:186,1
DA:187,1
DA:188,1
DA:189,1
DA:190,1
DA:191,1
DA:192,1
DA:193,1
DA:194,1
LF:103
LH:89
BRDA:31,0,0,15
BRDA:34,1,0,15
BRDA:45,2,0,32
BRDA:49,3,0,14
BRDA:49,4,0,19
BRDA:56,5,0,13
BRDA:58,6,0,8
BRDA:61,7,0,5
BRDA:73,8,0,4
BRDA:75,9,0,1
BRDA:75,10,0,3
BRDA:87,11,0,1
BRDA:94,12,0,1
BRDA:123,13,0,12
BRDA:135,14,0,6
BRDA:136,15,0,2
BRDA:138,16,0,8
BRDA:141,17,0,2
BRDA:143,18,0,6
BRDA:143,19,0,2
BRDA:143,20,0,2
BRDA:145,21,0,4
BRDA:150,22,0,2
BRDA:152,23,0,0
BRDA:173,24,0,6
BRDA:184,25,0,1
BRF:26
BRH:25
end_of_record
TN:
SF:src\core\shutdown.ts
FN:14,<instance_members_initializer>
FN:21,register
FN:28,shutdown
FN:56,setupShutdown
FNF:4
FNH:2
FNDA:1,<instance_members_initializer>
FNDA:4,register
FNDA:0,shutdown
FNDA:0,setupShutdown
DA:1,1
DA:2,1
DA:3,1
DA:13,1
DA:14,1
DA:15,1
DA:21,1
DA:22,4
DA:23,4
DA:28,1
DA:29,0
DA:30,0
DA:31,0
DA:32,0
DA:34,0
DA:35,0
DA:38,0
DA:39,0
DA:40,0
DA:41,0
DA:42,0
DA:43,0
DA:44,0
DA:46,0
DA:47,0
DA:48,0
DA:49,1
DA:51,1
DA:56,1
DA:58,0
DA:59,0
DA:60,0
DA:61,0
DA:63,0
DA:64,0
DA:65,0
DA:66,0
DA:69,0
DA:70,0
DA:73,0
DA:74,0
DA:75,0
DA:76,0
DA:79,0
DA:80,0
DA:81,0
DA:82,0
DA:84,0
DA:85,0
LF:49
LH:13
BRDA:14,0,0,1
BRDA:21,1,0,4
BRF:2
BRH:2
end_of_record
TN:
SF:src\core\validation.ts
FN:11,validateOptions
FN:37,validationMiddleware
FN:104,getValidatedOptions
FNF:3
FNH:3
FNDA:5,validateOptions
FNDA:3,validationMiddleware
FNDA:1,getValidatedOptions
DA:1,1
DA:11,1
DA:12,5
DA:13,5
DA:14,5
DA:15,5
DA:18,5
DA:21,5
DA:22,5
DA:23,5
DA:24,7
DA:25,7
DA:26,5
DA:29,5
DA:30,5
DA:37,1
DA:38,3
DA:39,3
DA:40,3
DA:41,3
DA:42,3
DA:44,3
DA:47,3
DA:49,3
DA:50,3
DA:51,2
DA:52,2
DA:53,1
DA:54,1
DA:56,1
DA:57,1
DA:58,1
DA:60,1
DA:61,1
DA:62,1
DA:63,1
DA:64,1
DA:65,2
DA:66,2
DA:67,0
DA:68,0
DA:69,3
DA:70,3
DA:75,1
DA:77,1
DA:80,1
DA:83,1
DA:86,1
DA:87,1
DA:88,1
DA:91,1
DA:94,1
DA:97,1
DA:98,1
DA:104,1
DA:105,1
DA:106,1
LF:57
LH:55
BRDA:11,0,0,5
BRDA:23,1,0,7
BRDA:37,2,0,3
BRDA:41,3,0,3
BRDA:49,4,0,1
BRDA:50,5,0,2
BRDA:52,6,0,1
BRDA:66,7,0,0
BRDA:104,8,0,1
BRF:9
BRH:8
end_of_record
TN:
SF:src\events\interactionCreate.ts
FN:8,execute
FNF:1
FNH:1
FNDA:4,execute
DA:1,1
DA:2,1
DA:3,1
DA:5,1
DA:6,1
DA:8,4
DA:9,4
DA:11,3
DA:12,4
DA:14,2
DA:16,2
DA:17,1
DA:18,1
DA:19,1
DA:20,1
DA:21,1
DA:24,1
DA:25,1
DA:26,0
DA:27,0
DA:29,1
DA:31,1
DA:32,1
DA:33,0
DA:34,1
DA:35,1
DA:36,1
DA:37,1
DA:39,0
DA:40,1
DA:41,4
LF:31
LH:27
BRDA:8,0,0,4
BRDA:9,1,0,1
BRDA:9,2,0,3
BRDA:12,3,0,2
BRDA:12,4,0,1
BRDA:12,5,0,2
BRDA:16,6,0,1
BRDA:25,7,0,0
BRDA:32,8,0,0
BRDA:37,9,0,0
BRF:10
BRH:7
end_of_record
TN:
SF:src\events\ready.ts
FN:4,execute
FNF:1
FNH:1
FNDA:1,execute
DA:1,1
DA:2,1
DA:3,1
DA:4,1
LF:4
LH:4
BRDA:4,0,0,1
BRF:1
BRH:1
end_of_record
TN:
SF:src\lib\loader.ts
FN:11,loadCommands
FN:31,loadEvents
FNF:2
FNH:2
FNDA:5,loadCommands
FNDA:5,loadEvents
DA:1,1
DA:2,1
DA:4,1
DA:5,1
DA:11,5
DA:12,5
DA:13,5
DA:14,5
DA:16,5
DA:17,5
DA:18,30
DA:19,30
DA:20,30
DA:22,30
DA:23,30
DA:24,0
DA:25,0
DA:26,30
DA:27,30
DA:28,5
DA:29,5
DA:31,5
DA:32,5
DA:33,5
DA:34,5
DA:36,5
DA:37,10
DA:38,10
DA:39,10
DA:40,5
DA:41,10
DA:42,5
DA:43,5
LF:33
LH:31
BRDA:11,0,0,5
BRDA:17,1,0,30
BRDA:20,2,0,0
BRDA:23,3,0,0
BRDA:14,4,0,35
BRDA:31,5,0,5
BRDA:36,6,0,10
BRDA:39,7,0,5
BRDA:34,8,0,15
BRF:9
BRH:7
end_of_record
TN:
SF:src\queue\index.ts
FN:17,isGuildTextSendable
FN:24,startWorkers
FNF:2
FNH:0
FNDA:0,isGuildTextSendable
FNDA:0,startWorkers
DA:2,1
DA:3,1
DA:5,1
DA:7,1
DA:8,1
DA:9,1
DA:10,1
DA:12,1
DA:13,1
DA:14,1
DA:15,1
DA:17,0
DA:18,0
DA:19,0
DA:20,0
DA:21,0
DA:22,0
DA:24,1
DA:25,0
DA:26,0
DA:27,0
DA:28,0
DA:29,0
DA:30,0
DA:31,0
DA:32,0
DA:33,0
DA:38,0
DA:40,0
DA:41,0
DA:44,0
DA:45,0
DA:46,0
DA:47,0
DA:48,0
DA:49,0
DA:50,0
DA:53,0
DA:54,0
DA:55,0
DA:56,0
DA:57,0
DA:58,0
DA:59,0
DA:60,0
DA:62,0
DA:63,0
DA:64,0
DA:65,0
DA:66,0
LF:50
LH:12
BRF:0
BRH:0
end_of_record
TN:
SF:src\utils\dateParser.ts
FN:6,parseDuration
FN:28,formatDuration
FN:47,isValidDuration
FNF:3
FNH:3
FNDA:15,parseDuration
FNDA:10,formatDuration
FNDA:7,isValidDuration
DA:6,1
DA:7,15
DA:8,15
DA:10,10
DA:11,10
DA:13,10
DA:14,10
DA:15,10
DA:16,10
DA:17,10
DA:18,10
DA:20,15
DA:21,15
DA:28,1
DA:29,10
DA:30,10
DA:31,10
DA:32,10
DA:34,10
DA:35,10
DA:36,10
DA:37,2
DA:38,2
DA:47,1
DA:48,7
DA:49,7
LF:26
LH:26
BRDA:6,0,0,15
BRDA:8,1,0,5
BRDA:8,2,0,10
BRDA:20,3,0,0
BRDA:28,4,0,10
BRDA:34,5,0,3
BRDA:34,6,0,7
BRDA:35,7,0,3
BRDA:35,8,0,4
BRDA:36,9,0,2
BRDA:47,10,0,7
BRDA:48,11,0,5
BRF:12
BRH:11
end_of_record
